0 verbose cli /usr/local/Cellar/node/23.6.1/bin/node /usr/local/bin/npm
1 info using npm@10.9.2
2 info using node@v23.6.1
3 silly config load:file:/usr/local/lib/node_modules/npm/npmrc
4 silly config load:file:/Users/josuegarrido/Documents/UppaCloud/Productos/UppaMed/crm-frontend/.npmrc
5 silly config load:file:/Users/josuegarrido/.npmrc
6 silly config load:file:/usr/local/etc/npmrc
7 verbose title npm install @radix-ui/react-checkbox
8 verbose argv "install" "@radix-ui/react-checkbox"
9 verbose logfile logs-max:10 dir:/Users/josuegarrido/Documents/UppaCloud/Productos/UppaMed/crm-frontend/.npm-cache/_logs/2025-08-02T06_17_29_531Z-
10 verbose logfile /Users/josuegarrido/Documents/UppaCloud/Productos/UppaMed/crm-frontend/.npm-cache/_logs/2025-08-02T06_17_29_531Z-debug-0.log
11 silly logfile start cleaning logs, removing 1 files
12 silly packumentCache heap:4345298944 maxSize:1086324736 maxEntrySize:543162368
13 silly logfile done cleaning log files
14 silly idealTree buildDeps
15 silly fetch manifest @radix-ui/react-checkbox@*
16 silly packumentCache full:https://registry.npmjs.org/@radix-ui%2freact-checkbox cache-miss
17 http fetch GET 200 https://registry.npmjs.org/@radix-ui%2freact-checkbox 1140ms (cache miss)
18 silly packumentCache full:https://registry.npmjs.org/@radix-ui%2freact-checkbox set size:undefined disposed:false
19 silly placeDep ROOT @radix-ui/react-checkbox@1.3.2 OK for: crm-frontend@0.1.0 want: *
20 silly fetch manifest @radix-ui/react-primitive@2.1.3
21 silly packumentCache full:https://registry.npmjs.org/@radix-ui%2freact-primitive cache-miss
22 http fetch GET 200 https://registry.npmjs.org/@radix-ui%2freact-primitive 17ms (cache stale)
23 silly packumentCache full:https://registry.npmjs.org/@radix-ui%2freact-primitive set size:557642 disposed:false
24 silly placeDep node_modules/@radix-ui/react-checkbox @radix-ui/react-primitive@2.1.3 OK for: @radix-ui/react-checkbox@1.3.2 want: 2.1.3
25 silly fetch manifest @radix-ui/react-slot@1.2.3
26 silly packumentCache full:https://registry.npmjs.org/@radix-ui%2freact-slot cache-miss
27 http fetch GET 200 https://registry.npmjs.org/@radix-ui%2freact-slot 7ms (cache stale)
28 silly packumentCache full:https://registry.npmjs.org/@radix-ui%2freact-slot set size:351089 disposed:false
29 silly placeDep node_modules/@radix-ui/react-checkbox @radix-ui/react-slot@1.2.3 OK for: @radix-ui/react-primitive@2.1.3 want: 1.2.3
30 silly reify moves {}
31 verbose reify failed optional dependency /Users/josuegarrido/Documents/UppaCloud/Productos/UppaMed/crm-frontend/node_modules/@next/swc-win32-x64-msvc
32 silly reify mark deleted [
32 silly reify   '/Users/josuegarrido/Documents/UppaCloud/Productos/UppaMed/crm-frontend/node_modules/@next/swc-win32-x64-msvc'
32 silly reify ]
33 verbose reify failed optional dependency /Users/josuegarrido/Documents/UppaCloud/Productos/UppaMed/crm-frontend/node_modules/@next/swc-win32-arm64-msvc
34 silly reify mark deleted [
34 silly reify   '/Users/josuegarrido/Documents/UppaCloud/Productos/UppaMed/crm-frontend/node_modules/@next/swc-win32-arm64-msvc'
34 silly reify ]
35 verbose reify failed optional dependency /Users/josuegarrido/Documents/UppaCloud/Productos/UppaMed/crm-frontend/node_modules/@next/swc-linux-x64-musl
36 silly reify mark deleted [
36 silly reify   '/Users/josuegarrido/Documents/UppaCloud/Productos/UppaMed/crm-frontend/node_modules/@next/swc-linux-x64-musl'
36 silly reify ]
37 verbose reify failed optional dependency /Users/josuegarrido/Documents/UppaCloud/Productos/UppaMed/crm-frontend/node_modules/@next/swc-linux-x64-gnu
38 silly reify mark deleted [
38 silly reify   '/Users/josuegarrido/Documents/UppaCloud/Productos/UppaMed/crm-frontend/node_modules/@next/swc-linux-x64-gnu'
38 silly reify ]
39 verbose reify failed optional dependency /Users/josuegarrido/Documents/UppaCloud/Productos/UppaMed/crm-frontend/node_modules/@next/swc-linux-arm64-musl
40 silly reify mark deleted [
40 silly reify   '/Users/josuegarrido/Documents/UppaCloud/Productos/UppaMed/crm-frontend/node_modules/@next/swc-linux-arm64-musl'
40 silly reify ]
41 verbose reify failed optional dependency /Users/josuegarrido/Documents/UppaCloud/Productos/UppaMed/crm-frontend/node_modules/@next/swc-linux-arm64-gnu
42 silly reify mark deleted [
42 silly reify   '/Users/josuegarrido/Documents/UppaCloud/Productos/UppaMed/crm-frontend/node_modules/@next/swc-linux-arm64-gnu'
42 silly reify ]
43 verbose reify failed optional dependency /Users/josuegarrido/Documents/UppaCloud/Productos/UppaMed/crm-frontend/node_modules/@next/swc-darwin-arm64
44 silly reify mark deleted [
44 silly reify   '/Users/josuegarrido/Documents/UppaCloud/Productos/UppaMed/crm-frontend/node_modules/@next/swc-darwin-arm64'
44 silly reify ]
45 http cache @radix-ui/react-checkbox@https://registry.npmjs.org/@radix-ui/react-checkbox/-/react-checkbox-1.3.2.tgz 0ms (cache hit)
46 http cache @radix-ui/react-primitive@https://registry.npmjs.org/@radix-ui/react-primitive/-/react-primitive-2.1.3.tgz 0ms (cache hit)
47 http cache @radix-ui/react-slot@https://registry.npmjs.org/@radix-ui/react-slot/-/react-slot-1.2.3.tgz 0ms (cache hit)
48 silly tarball no local data for @radix-ui/react-checkbox@https://registry.npmjs.org/@radix-ui/react-checkbox/-/react-checkbox-1.3.2.tgz. Extracting by manifest.
49 http fetch GET 200 https://registry.npmjs.org/@radix-ui/react-checkbox/-/react-checkbox-1.3.2.tgz 255ms (cache miss)
50 silly ADD node_modules/@radix-ui/react-checkbox
51 silly ADD node_modules/@radix-ui/react-checkbox/node_modules/@radix-ui/react-slot
52 silly ADD node_modules/@radix-ui/react-checkbox/node_modules/@radix-ui/react-primitive
53 silly ADD
54 silly ADD
55 silly ADD
56 silly ADD
57 silly ADD
58 silly ADD
59 silly ADD
60 verbose cwd /Users/josuegarrido/Documents/UppaCloud/Productos/UppaMed/crm-frontend
61 verbose os Darwin 24.4.0
62 verbose node v23.6.1
63 verbose npm  v10.9.2
64 verbose exit 0
65 info ok
