0 verbose cli /usr/local/Cellar/node/23.6.1/bin/node /usr/local/bin/npm
1 info using npm@10.9.2
2 info using node@v23.6.1
3 silly config load:file:/usr/local/lib/node_modules/npm/npmrc
4 silly config load:file:/Users/josuegarrido/Documents/UppaCloud/Productos/UppaMed/crm-frontend/.npmrc
5 silly config load:file:/Users/josuegarrido/.npmrc
6 silly config load:file:/usr/local/etc/npmrc
7 verbose title npm install
8 verbose argv "install" "--legacy-peer-deps"
9 verbose logfile logs-max:10 dir:/Users/josuegarrido/Documents/UppaCloud/Productos/UppaMed/crm-frontend/.npm-cache/_logs/2025-08-01T15_12_30_883Z-
10 verbose logfile /Users/josuegarrido/Documents/UppaCloud/Productos/UppaMed/crm-frontend/.npm-cache/_logs/2025-08-01T15_12_30_883Z-debug-0.log
11 silly logfile done cleaning log files
12 silly packumentCache heap:4345298944 maxSize:1086324736 maxEntrySize:543162368
13 silly idealTree buildDeps
14 silly fetch manifest react@^18.3.1
15 silly packumentCache full:https://registry.npmjs.org/react cache-miss
16 http fetch GET 200 https://registry.npmjs.org/react 683ms (cache miss)
17 silly packumentCache full:https://registry.npmjs.org/react set size:undefined disposed:false
18 silly fetch manifest react-dom@^18.3.1
19 silly packumentCache full:https://registry.npmjs.org/react-dom cache-miss
20 http fetch GET 200 https://registry.npmjs.org/react-dom 339ms (cache miss)
21 silly packumentCache full:https://registry.npmjs.org/react-dom set size:undefined disposed:false
22 silly fetch manifest @types/react@^18
23 silly packumentCache full:https://registry.npmjs.org/@types%2freact cache-miss
24 http fetch GET 200 https://registry.npmjs.org/@types%2freact 239ms (cache miss)
25 silly packumentCache full:https://registry.npmjs.org/@types%2freact set size:undefined disposed:false
26 silly fetch manifest @types/react-dom@^18
27 silly packumentCache full:https://registry.npmjs.org/@types%2freact-dom cache-miss
28 http fetch GET 200 https://registry.npmjs.org/@types%2freact-dom 123ms (cache miss)
29 silly packumentCache full:https://registry.npmjs.org/@types%2freact-dom set size:undefined disposed:false
30 silly placeDep ROOT @types/react@18.3.23 REPLACE for: crm-frontend@0.1.0 want: ^18
31 silly placeDep ROOT @types/react-dom@18.3.7 REPLACE for: crm-frontend@0.1.0 want: ^18
32 silly placeDep ROOT react@18.3.1 REPLACE for: crm-frontend@0.1.0 want: ^18.3.1
33 silly placeDep ROOT react-dom@18.3.1 REPLACE for: crm-frontend@0.1.0 want: ^18.3.1
34 silly fetch manifest @types/prop-types@*
35 silly packumentCache full:https://registry.npmjs.org/@types%2fprop-types cache-miss
36 silly fetch manifest scheduler@^0.23.2
37 silly packumentCache full:https://registry.npmjs.org/scheduler cache-miss
38 http fetch GET 200 https://registry.npmjs.org/@types%2fprop-types 119ms (cache miss)
39 silly packumentCache full:https://registry.npmjs.org/@types%2fprop-types set size:undefined disposed:false
40 http fetch GET 200 https://registry.npmjs.org/scheduler 551ms (cache miss)
41 silly packumentCache full:https://registry.npmjs.org/scheduler set size:undefined disposed:false
42 silly placeDep ROOT @types/prop-types@15.7.15 OK for: @types/react@18.3.23 want: *
43 silly placeDep ROOT scheduler@0.23.2 OK for: react-dom@18.3.1 want: ^0.23.2
44 silly reify mark retired [
44 silly reify   '/Users/josuegarrido/Documents/UppaCloud/Productos/UppaMed/crm-frontend/node_modules/@emnapi/core'
44 silly reify ]
45 silly reify mark retired [
45 silly reify   '/Users/josuegarrido/Documents/UppaCloud/Productos/UppaMed/crm-frontend/node_modules/@emnapi/runtime'
45 silly reify ]
46 silly reify mark retired [
46 silly reify   '/Users/josuegarrido/Documents/UppaCloud/Productos/UppaMed/crm-frontend/node_modules/@emnapi/wasi-threads'
46 silly reify ]
47 silly reify mark retired [
47 silly reify   '/Users/josuegarrido/Documents/UppaCloud/Productos/UppaMed/crm-frontend/node_modules/@napi-rs/wasm-runtime'
47 silly reify ]
48 silly reify mark retired [
48 silly reify   '/Users/josuegarrido/Documents/UppaCloud/Productos/UppaMed/crm-frontend/node_modules/@tybys/wasm-util'
48 silly reify ]
49 silly reify mark retired [
49 silly reify   '/Users/josuegarrido/Documents/UppaCloud/Productos/UppaMed/crm-frontend/node_modules/@types/react'
49 silly reify ]
50 silly reify mark retired [
50 silly reify   '/Users/josuegarrido/Documents/UppaCloud/Productos/UppaMed/crm-frontend/node_modules/@types/react-dom'
50 silly reify ]
51 silly reify mark retired [
51 silly reify   '/Users/josuegarrido/Documents/UppaCloud/Productos/UppaMed/crm-frontend/node_modules/react'
51 silly reify ]
52 silly reify mark retired [
52 silly reify   '/Users/josuegarrido/Documents/UppaCloud/Productos/UppaMed/crm-frontend/node_modules/react-dom'
52 silly reify ]
53 silly reify mark retired [
53 silly reify   '/Users/josuegarrido/Documents/UppaCloud/Productos/UppaMed/crm-frontend/node_modules/scheduler'
53 silly reify ]
54 silly reify moves {
54 silly reify   '/Users/josuegarrido/Documents/UppaCloud/Productos/UppaMed/crm-frontend/node_modules/@emnapi/core': '/Users/josuegarrido/Documents/UppaCloud/Productos/UppaMed/crm-frontend/node_modules/@emnapi/.core-0S3Eoii3',
54 silly reify   '/Users/josuegarrido/Documents/UppaCloud/Productos/UppaMed/crm-frontend/node_modules/@emnapi/runtime': '/Users/josuegarrido/Documents/UppaCloud/Productos/UppaMed/crm-frontend/node_modules/@emnapi/.runtime-ftIWqmAD',
54 silly reify   '/Users/josuegarrido/Documents/UppaCloud/Productos/UppaMed/crm-frontend/node_modules/@emnapi/wasi-threads': '/Users/josuegarrido/Documents/UppaCloud/Productos/UppaMed/crm-frontend/node_modules/@emnapi/.wasi-threads-k6jinQYo',
54 silly reify   '/Users/josuegarrido/Documents/UppaCloud/Productos/UppaMed/crm-frontend/node_modules/@napi-rs/wasm-runtime': '/Users/josuegarrido/Documents/UppaCloud/Productos/UppaMed/crm-frontend/node_modules/@napi-rs/.wasm-runtime-bUMVZAmc',
54 silly reify   '/Users/josuegarrido/Documents/UppaCloud/Productos/UppaMed/crm-frontend/node_modules/@tybys/wasm-util': '/Users/josuegarrido/Documents/UppaCloud/Productos/UppaMed/crm-frontend/node_modules/@tybys/.wasm-util-uEWbPYmg',
54 silly reify   '/Users/josuegarrido/Documents/UppaCloud/Productos/UppaMed/crm-frontend/node_modules/@types/react': '/Users/josuegarrido/Documents/UppaCloud/Productos/UppaMed/crm-frontend/node_modules/@types/.react-wVZOobJ5',
54 silly reify   '/Users/josuegarrido/Documents/UppaCloud/Productos/UppaMed/crm-frontend/node_modules/@types/react-dom': '/Users/josuegarrido/Documents/UppaCloud/Productos/UppaMed/crm-frontend/node_modules/@types/.react-dom-fg955ofM',
54 silly reify   '/Users/josuegarrido/Documents/UppaCloud/Productos/UppaMed/crm-frontend/node_modules/react': '/Users/josuegarrido/Documents/UppaCloud/Productos/UppaMed/crm-frontend/node_modules/.react-uG3FmBvY',
54 silly reify   '/Users/josuegarrido/Documents/UppaCloud/Productos/UppaMed/crm-frontend/node_modules/react-dom': '/Users/josuegarrido/Documents/UppaCloud/Productos/UppaMed/crm-frontend/node_modules/.react-dom-deCWXicg',
54 silly reify   '/Users/josuegarrido/Documents/UppaCloud/Productos/UppaMed/crm-frontend/node_modules/scheduler': '/Users/josuegarrido/Documents/UppaCloud/Productos/UppaMed/crm-frontend/node_modules/.scheduler-2Fg2TkhU'
54 silly reify }
55 http cache @types/prop-types@https://registry.npmjs.org/@types/prop-types/-/prop-types-15.7.15.tgz 0ms (cache hit)
56 http cache scheduler@https://registry.npmjs.org/scheduler/-/scheduler-0.23.2.tgz 0ms (cache hit)
57 http cache react-dom@https://registry.npmjs.org/react-dom/-/react-dom-18.3.1.tgz 0ms (cache hit)
58 http cache react@https://registry.npmjs.org/react/-/react-18.3.1.tgz 0ms (cache hit)
59 http cache @types/react-dom@https://registry.npmjs.org/@types/react-dom/-/react-dom-18.3.7.tgz 0ms (cache hit)
60 http cache @types/react@https://registry.npmjs.org/@types/react/-/react-18.3.23.tgz 0ms (cache hit)
61 silly tarball no local data for @types/prop-types@https://registry.npmjs.org/@types/prop-types/-/prop-types-15.7.15.tgz. Extracting by manifest.
62 silly tarball no local data for scheduler@https://registry.npmjs.org/scheduler/-/scheduler-0.23.2.tgz. Extracting by manifest.
63 silly tarball no local data for react-dom@https://registry.npmjs.org/react-dom/-/react-dom-18.3.1.tgz. Extracting by manifest.
64 silly tarball no local data for react@https://registry.npmjs.org/react/-/react-18.3.1.tgz. Extracting by manifest.
65 silly tarball no local data for @types/react-dom@https://registry.npmjs.org/@types/react-dom/-/react-dom-18.3.7.tgz. Extracting by manifest.
66 silly tarball no local data for @types/react@https://registry.npmjs.org/@types/react/-/react-18.3.23.tgz. Extracting by manifest.
67 http fetch GET 200 https://registry.npmjs.org/scheduler/-/scheduler-0.23.2.tgz 124ms (cache miss)
68 http fetch GET 200 https://registry.npmjs.org/@types/prop-types/-/prop-types-15.7.15.tgz 157ms (cache miss)
69 http fetch GET 200 https://registry.npmjs.org/@types/react-dom/-/react-dom-18.3.7.tgz 365ms (cache miss)
70 http fetch GET 200 https://registry.npmjs.org/react/-/react-18.3.1.tgz 375ms (cache miss)
71 http fetch GET 200 https://registry.npmjs.org/@types/react/-/react-18.3.23.tgz 518ms (cache miss)
72 http fetch GET 200 https://registry.npmjs.org/react-dom/-/react-dom-18.3.1.tgz 692ms (cache miss)
73 silly ADD node_modules/@types/prop-types
74 silly CHANGE node_modules/scheduler
75 silly CHANGE node_modules/react-dom
76 silly CHANGE node_modules/react
77 silly CHANGE node_modules/@types/react-dom
78 silly CHANGE node_modules/@types/react
79 silly REMOVE node_modules/@tybys/wasm-util
80 silly REMOVE node_modules/@napi-rs/wasm-runtime
81 silly REMOVE node_modules/@emnapi/wasi-threads
82 silly REMOVE node_modules/@emnapi/runtime
83 silly REMOVE node_modules/@emnapi/core
84 verbose cwd /Users/josuegarrido/Documents/UppaCloud/Productos/UppaMed/crm-frontend
85 verbose os Darwin 24.4.0
86 verbose node v23.6.1
87 verbose npm  v10.9.2
88 verbose exit 0
89 info ok
