0 verbose cli /usr/local/Cellar/node/23.6.1/bin/node /usr/local/bin/npm
1 info using npm@10.9.2
2 info using node@v23.6.1
3 silly config load:file:/usr/local/lib/node_modules/npm/npmrc
4 silly config load:file:/Users/josuegarrido/Documents/UppaCloud/Productos/UppaMed/crm-frontend/.npmrc
5 silly config load:file:/Users/josuegarrido/.npmrc
6 silly config load:file:/usr/local/etc/npmrc
7 verbose title npm run dev
8 verbose argv "run" "dev"
9 verbose logfile logs-max:10 dir:/Users/josuegarrido/Documents/UppaCloud/Productos/UppaMed/crm-frontend/.npm-cache/_logs/2025-08-28T19_16_04_841Z-
10 verbose logfile /Users/josuegarrido/Documents/UppaCloud/Productos/UppaMed/crm-frontend/.npm-cache/_logs/2025-08-28T19_16_04_841Z-debug-0.log
11 silly logfile start cleaning logs, removing 1 files
12 silly logfile done cleaning log files
13 http fetch GET 200 https://registry.npmjs.org/npm 567ms
14 verbose cwd /Users/josuegarrido/Documents/UppaCloud/Productos/UppaMed/crm-frontend
15 verbose os Darwin 24.4.0
16 verbose node v23.6.1
17 verbose npm  v10.9.2
18 notice
18 notice New [31mmajor[39m version of npm available! [31m10.9.2[39m -> [34m11.5.2[39m
18 notice Changelog: [34mhttps://github.com/npm/cli/releases/tag/v11.5.2[39m
18 notice To update run: [4mnpm install -g npm@11.5.2[24m
18 notice  { force: true, [Symbol(proc-log.meta)]: true }
19 verbose exit 0
20 info ok
