0 verbose cli /usr/local/Cellar/node/23.6.1/bin/node /usr/local/bin/npm
1 info using npm@10.9.2
2 info using node@v23.6.1
3 silly config load:file:/usr/local/lib/node_modules/npm/npmrc
4 silly config load:file:/Users/josuegarrido/Documents/UppaCloud/Productos/UppaMed/crm-frontend/.npmrc
5 silly config load:file:/Users/josuegarrido/.npmrc
6 silly config load:file:/usr/local/etc/npmrc
7 verbose title npm install react-hot-toast
8 verbose argv "install" "react-hot-toast"
9 verbose logfile logs-max:10 dir:/Users/josuegarrido/Documents/UppaCloud/Productos/UppaMed/crm-frontend/.npm-cache/_logs/2025-09-11T23_36_14_667Z-
10 verbose logfile /Users/josuegarrido/Documents/UppaCloud/Productos/UppaMed/crm-frontend/.npm-cache/_logs/2025-09-11T23_36_14_667Z-debug-0.log
11 silly logfile start cleaning logs, removing 1 files
12 silly packumentCache heap:4345298944 maxSize:1086324736 maxEntrySize:543162368
13 silly logfile done cleaning log files
14 silly idealTree buildDeps
15 silly fetch manifest react-hot-toast@*
16 silly packumentCache full:https://registry.npmjs.org/react-hot-toast cache-miss
17 http fetch GET 200 https://registry.npmjs.org/react-hot-toast 1297ms (cache miss)
18 silly packumentCache full:https://registry.npmjs.org/react-hot-toast set size:undefined disposed:false
19 silly placeDep ROOT react-hot-toast@2.6.0 OK for: crm-frontend@0.1.0 want: *
20 silly fetch manifest goober@^2.1.16
21 silly packumentCache full:https://registry.npmjs.org/goober cache-miss
22 http fetch GET 200 https://registry.npmjs.org/goober 573ms (cache miss)
23 silly packumentCache full:https://registry.npmjs.org/goober set size:undefined disposed:false
24 silly placeDep ROOT goober@2.1.16 OK for: react-hot-toast@2.6.0 want: ^2.1.16
25 silly reify moves {}
26 verbose reify failed optional dependency /Users/josuegarrido/Documents/UppaCloud/Productos/UppaMed/crm-frontend/node_modules/@next/swc-win32-x64-msvc
27 silly reify mark deleted [
27 silly reify   '/Users/josuegarrido/Documents/UppaCloud/Productos/UppaMed/crm-frontend/node_modules/@next/swc-win32-x64-msvc'
27 silly reify ]
28 verbose reify failed optional dependency /Users/josuegarrido/Documents/UppaCloud/Productos/UppaMed/crm-frontend/node_modules/@next/swc-win32-arm64-msvc
29 silly reify mark deleted [
29 silly reify   '/Users/josuegarrido/Documents/UppaCloud/Productos/UppaMed/crm-frontend/node_modules/@next/swc-win32-arm64-msvc'
29 silly reify ]
30 verbose reify failed optional dependency /Users/josuegarrido/Documents/UppaCloud/Productos/UppaMed/crm-frontend/node_modules/@next/swc-linux-x64-musl
31 silly reify mark deleted [
31 silly reify   '/Users/josuegarrido/Documents/UppaCloud/Productos/UppaMed/crm-frontend/node_modules/@next/swc-linux-x64-musl'
31 silly reify ]
32 verbose reify failed optional dependency /Users/josuegarrido/Documents/UppaCloud/Productos/UppaMed/crm-frontend/node_modules/@next/swc-linux-x64-gnu
33 silly reify mark deleted [
33 silly reify   '/Users/josuegarrido/Documents/UppaCloud/Productos/UppaMed/crm-frontend/node_modules/@next/swc-linux-x64-gnu'
33 silly reify ]
34 verbose reify failed optional dependency /Users/josuegarrido/Documents/UppaCloud/Productos/UppaMed/crm-frontend/node_modules/@next/swc-linux-arm64-musl
35 silly reify mark deleted [
35 silly reify   '/Users/josuegarrido/Documents/UppaCloud/Productos/UppaMed/crm-frontend/node_modules/@next/swc-linux-arm64-musl'
35 silly reify ]
36 verbose reify failed optional dependency /Users/josuegarrido/Documents/UppaCloud/Productos/UppaMed/crm-frontend/node_modules/@next/swc-linux-arm64-gnu
37 silly reify mark deleted [
37 silly reify   '/Users/josuegarrido/Documents/UppaCloud/Productos/UppaMed/crm-frontend/node_modules/@next/swc-linux-arm64-gnu'
37 silly reify ]
38 verbose reify failed optional dependency /Users/josuegarrido/Documents/UppaCloud/Productos/UppaMed/crm-frontend/node_modules/@next/swc-darwin-arm64
39 silly reify mark deleted [
39 silly reify   '/Users/josuegarrido/Documents/UppaCloud/Productos/UppaMed/crm-frontend/node_modules/@next/swc-darwin-arm64'
39 silly reify ]
40 http cache goober@https://registry.npmjs.org/goober/-/goober-2.1.16.tgz 0ms (cache hit)
41 http cache react-hot-toast@https://registry.npmjs.org/react-hot-toast/-/react-hot-toast-2.6.0.tgz 0ms (cache hit)
42 silly tarball no local data for goober@https://registry.npmjs.org/goober/-/goober-2.1.16.tgz. Extracting by manifest.
43 silly tarball no local data for react-hot-toast@https://registry.npmjs.org/react-hot-toast/-/react-hot-toast-2.6.0.tgz. Extracting by manifest.
44 http fetch GET 200 https://registry.npmjs.org/goober/-/goober-2.1.16.tgz 154ms (cache miss)
45 http fetch GET 200 https://registry.npmjs.org/react-hot-toast/-/react-hot-toast-2.6.0.tgz 354ms (cache miss)
46 silly ADD node_modules/goober
47 silly ADD node_modules/react-hot-toast
48 silly ADD
49 silly ADD
50 silly ADD
51 silly ADD
52 silly ADD
53 silly ADD
54 silly ADD
55 verbose cwd /Users/josuegarrido/Documents/UppaCloud/Productos/UppaMed/crm-frontend
56 verbose os Darwin 24.4.0
57 verbose node v23.6.1
58 verbose npm  v10.9.2
59 verbose exit 0
60 info ok
