0 verbose cli /usr/local/Cellar/node/23.6.1/bin/node /usr/local/bin/npm
1 info using npm@10.9.2
2 info using node@v23.6.1
3 silly config load:file:/usr/local/lib/node_modules/npm/npmrc
4 silly config load:file:/Users/josuegarrido/Documents/UppaCloud/Productos/UppaMed/crm-frontend/.npmrc
5 silly config load:file:/Users/josuegarrido/.npmrc
6 silly config load:file:/usr/local/etc/npmrc
7 verbose title npm install jspdf html2canvas
8 verbose argv "install" "jspdf" "html2canvas"
9 verbose logfile logs-max:10 dir:/Users/josuegarrido/Documents/UppaCloud/Productos/UppaMed/crm-frontend/.npm-cache/_logs/2025-09-11T23_27_31_337Z-
10 verbose logfile /Users/josuegarrido/Documents/UppaCloud/Productos/UppaMed/crm-frontend/.npm-cache/_logs/2025-09-11T23_27_31_337Z-debug-0.log
11 silly logfile start cleaning logs, removing 1 files
12 silly packumentCache heap:4345298944 maxSize:1086324736 maxEntrySize:543162368
13 silly logfile done cleaning log files
14 silly idealTree buildDeps
15 silly fetch manifest jspdf@*
16 silly packumentCache full:https://registry.npmjs.org/jspdf cache-miss
17 http fetch GET 200 https://registry.npmjs.org/jspdf 437ms (cache miss)
18 silly packumentCache full:https://registry.npmjs.org/jspdf set size:undefined disposed:false
19 silly fetch manifest html2canvas@*
20 silly packumentCache full:https://registry.npmjs.org/html2canvas cache-miss
21 http fetch GET 200 https://registry.npmjs.org/html2canvas 60ms (cache miss)
22 silly packumentCache full:https://registry.npmjs.org/html2canvas set size:undefined disposed:false
23 silly placeDep ROOT html2canvas@1.4.1 OK for: crm-frontend@0.1.0 want: *
24 silly placeDep ROOT jspdf@3.0.2 OK for: crm-frontend@0.1.0 want: *
25 silly fetch manifest css-line-break@^2.1.0
26 silly packumentCache full:https://registry.npmjs.org/css-line-break cache-miss
27 silly fetch manifest text-segmentation@^1.0.3
28 silly packumentCache full:https://registry.npmjs.org/text-segmentation cache-miss
29 silly fetch manifest fflate@^0.8.1
30 silly packumentCache full:https://registry.npmjs.org/fflate cache-miss
31 silly fetch manifest fast-png@^6.2.0
32 silly packumentCache full:https://registry.npmjs.org/fast-png cache-miss
33 silly fetch manifest canvg@^3.0.11
34 silly packumentCache full:https://registry.npmjs.org/canvg cache-miss
35 silly fetch manifest core-js@^3.6.0
36 silly packumentCache full:https://registry.npmjs.org/core-js cache-miss
37 silly fetch manifest dompurify@^3.2.4
38 silly packumentCache full:https://registry.npmjs.org/dompurify cache-miss
39 http fetch GET 200 https://registry.npmjs.org/text-segmentation 126ms (cache miss)
40 silly packumentCache full:https://registry.npmjs.org/text-segmentation set size:undefined disposed:false
41 http fetch GET 200 https://registry.npmjs.org/fflate 200ms (cache miss)
42 silly packumentCache full:https://registry.npmjs.org/fflate set size:undefined disposed:false
43 http fetch GET 200 https://registry.npmjs.org/fast-png 219ms (cache miss)
44 silly packumentCache full:https://registry.npmjs.org/fast-png set size:undefined disposed:false
45 http fetch GET 200 https://registry.npmjs.org/core-js 221ms (cache miss)
46 silly packumentCache full:https://registry.npmjs.org/core-js set size:undefined disposed:false
47 http fetch GET 200 https://registry.npmjs.org/css-line-break 270ms (cache miss)
48 silly packumentCache full:https://registry.npmjs.org/css-line-break set size:undefined disposed:false
49 http fetch GET 200 https://registry.npmjs.org/canvg 292ms (cache miss)
50 silly packumentCache full:https://registry.npmjs.org/canvg set size:undefined disposed:false
51 http fetch GET 200 https://registry.npmjs.org/dompurify 381ms (cache miss)
52 silly packumentCache full:https://registry.npmjs.org/dompurify set size:undefined disposed:false
53 silly placeDep ROOT css-line-break@2.1.0 OK for: html2canvas@1.4.1 want: ^2.1.0
54 silly placeDep ROOT text-segmentation@1.0.3 OK for: html2canvas@1.4.1 want: ^1.0.3
55 silly fetch manifest utrie@^1.0.2
56 silly packumentCache full:https://registry.npmjs.org/utrie cache-miss
57 silly fetch manifest utrie@^1.0.2
58 silly packumentCache full:https://registry.npmjs.org/utrie cache-miss
59 http fetch GET 200 https://registry.npmjs.org/utrie 61ms (cache miss)
60 silly packumentCache full:https://registry.npmjs.org/utrie set size:undefined disposed:false
61 http fetch GET 200 https://registry.npmjs.org/utrie 64ms (cache miss)
62 silly packumentCache full:https://registry.npmjs.org/utrie set size:undefined disposed:false
63 silly placeDep ROOT utrie@1.0.2 OK for: css-line-break@2.1.0 want: ^1.0.2
64 silly fetch manifest base64-arraybuffer@^1.0.2
65 silly packumentCache full:https://registry.npmjs.org/base64-arraybuffer cache-miss
66 http fetch GET 200 https://registry.npmjs.org/base64-arraybuffer 49ms (cache miss)
67 silly packumentCache full:https://registry.npmjs.org/base64-arraybuffer set size:undefined disposed:false
68 silly placeDep ROOT canvg@3.0.11 OK for: jspdf@3.0.2 want: ^3.0.11
69 silly placeDep ROOT core-js@3.45.1 OK for: jspdf@3.0.2 want: ^3.6.0
70 silly placeDep ROOT dompurify@3.2.6 OK for: jspdf@3.0.2 want: ^3.2.4
71 silly placeDep ROOT fast-png@6.4.0 OK for: jspdf@3.0.2 want: ^6.2.0
72 silly placeDep ROOT fflate@0.8.2 OK for: jspdf@3.0.2 want: ^0.8.1
73 silly fetch manifest raf@^3.4.1
74 silly packumentCache full:https://registry.npmjs.org/raf cache-miss
75 silly fetch manifest core-js@^3.8.3
76 silly packumentCache full:https://registry.npmjs.org/core-js cache-miss
77 silly fetch manifest rgbcolor@^1.0.1
78 silly packumentCache full:https://registry.npmjs.org/rgbcolor cache-miss
79 silly fetch manifest @types/raf@^3.4.0
80 silly packumentCache full:https://registry.npmjs.org/@types%2fraf cache-miss
81 silly fetch manifest svg-pathdata@^6.0.3
82 silly packumentCache full:https://registry.npmjs.org/svg-pathdata cache-miss
83 silly fetch manifest stackblur-canvas@^2.0.0
84 silly packumentCache full:https://registry.npmjs.org/stackblur-canvas cache-miss
85 silly fetch manifest regenerator-runtime@^0.13.7
86 silly packumentCache full:https://registry.npmjs.org/regenerator-runtime cache-miss
87 http cache https://registry.npmjs.org/core-js 26ms (cache hit)
88 silly packumentCache full:https://registry.npmjs.org/core-js set size:770036 disposed:false
89 silly fetch manifest @types/trusted-types@^2.0.7
90 silly packumentCache full:https://registry.npmjs.org/@types%2ftrusted-types cache-miss
91 http fetch GET 200 https://registry.npmjs.org/@types%2fraf 88ms (cache miss)
92 silly packumentCache full:https://registry.npmjs.org/@types%2fraf set size:undefined disposed:false
93 silly fetch manifest pako@^2.1.0
94 silly packumentCache full:https://registry.npmjs.org/pako cache-miss
95 http fetch GET 200 https://registry.npmjs.org/regenerator-runtime 109ms (cache miss)
96 silly packumentCache full:https://registry.npmjs.org/regenerator-runtime set size:undefined disposed:false
97 silly fetch manifest iobuffer@^5.3.2
98 silly packumentCache full:https://registry.npmjs.org/iobuffer cache-miss
99 http fetch GET 200 https://registry.npmjs.org/@types%2ftrusted-types 105ms (cache miss)
100 silly packumentCache full:https://registry.npmjs.org/@types%2ftrusted-types set size:undefined disposed:false
101 silly fetch manifest @types/pako@^2.0.3
102 silly packumentCache full:https://registry.npmjs.org/@types%2fpako cache-miss
103 http fetch GET 200 https://registry.npmjs.org/svg-pathdata 163ms (cache miss)
104 silly packumentCache full:https://registry.npmjs.org/svg-pathdata set size:undefined disposed:false
105 http fetch GET 200 https://registry.npmjs.org/raf 236ms (cache miss)
106 silly packumentCache full:https://registry.npmjs.org/raf set size:undefined disposed:false
107 http fetch GET 200 https://registry.npmjs.org/rgbcolor 257ms (cache miss)
108 silly packumentCache full:https://registry.npmjs.org/rgbcolor set size:undefined disposed:false
109 http fetch GET 200 https://registry.npmjs.org/iobuffer 251ms (cache miss)
110 silly packumentCache full:https://registry.npmjs.org/iobuffer set size:undefined disposed:false
111 http fetch GET 200 https://registry.npmjs.org/pako 289ms (cache miss)
112 silly packumentCache full:https://registry.npmjs.org/pako set size:undefined disposed:false
113 http fetch GET 200 https://registry.npmjs.org/@types%2fpako 395ms (cache miss)
114 silly packumentCache full:https://registry.npmjs.org/@types%2fpako set size:undefined disposed:false
115 http fetch GET 200 https://registry.npmjs.org/stackblur-canvas 934ms (cache miss)
116 silly packumentCache full:https://registry.npmjs.org/stackblur-canvas set size:undefined disposed:false
117 silly placeDep ROOT @types/raf@3.4.3 OK for: canvg@3.0.11 want: ^3.4.0
118 silly placeDep ROOT raf@3.4.1 OK for: canvg@3.0.11 want: ^3.4.1
119 silly placeDep ROOT regenerator-runtime@0.13.11 OK for: canvg@3.0.11 want: ^0.13.7
120 silly placeDep ROOT rgbcolor@1.0.1 OK for: canvg@3.0.11 want: ^1.0.1
121 silly placeDep ROOT stackblur-canvas@2.7.0 OK for: canvg@3.0.11 want: ^2.0.0
122 silly placeDep ROOT svg-pathdata@6.0.3 OK for: canvg@3.0.11 want: ^6.0.3
123 silly fetch manifest performance-now@^2.1.0
124 silly packumentCache full:https://registry.npmjs.org/performance-now cache-miss
125 http fetch GET 200 https://registry.npmjs.org/performance-now 136ms (cache miss)
126 silly packumentCache full:https://registry.npmjs.org/performance-now set size:undefined disposed:false
127 silly placeDep ROOT @types/trusted-types@2.0.7 OK for: dompurify@3.2.6 want: ^2.0.7
128 silly placeDep ROOT @types/pako@2.0.4 OK for: fast-png@6.4.0 want: ^2.0.3
129 silly placeDep ROOT iobuffer@5.4.0 OK for: fast-png@6.4.0 want: ^5.3.2
130 silly placeDep ROOT pako@2.1.0 OK for: fast-png@6.4.0 want: ^2.1.0
131 silly placeDep ROOT performance-now@2.1.0 OK for: raf@3.4.1 want: ^2.1.0
132 silly placeDep ROOT base64-arraybuffer@1.0.2 OK for: utrie@1.0.2 want: ^1.0.2
133 silly reify moves {}
134 verbose reify failed optional dependency /Users/josuegarrido/Documents/UppaCloud/Productos/UppaMed/crm-frontend/node_modules/@next/swc-win32-x64-msvc
135 silly reify mark deleted [
135 silly reify   '/Users/josuegarrido/Documents/UppaCloud/Productos/UppaMed/crm-frontend/node_modules/@next/swc-win32-x64-msvc'
135 silly reify ]
136 verbose reify failed optional dependency /Users/josuegarrido/Documents/UppaCloud/Productos/UppaMed/crm-frontend/node_modules/@next/swc-win32-arm64-msvc
137 silly reify mark deleted [
137 silly reify   '/Users/josuegarrido/Documents/UppaCloud/Productos/UppaMed/crm-frontend/node_modules/@next/swc-win32-arm64-msvc'
137 silly reify ]
138 verbose reify failed optional dependency /Users/josuegarrido/Documents/UppaCloud/Productos/UppaMed/crm-frontend/node_modules/@next/swc-linux-x64-musl
139 silly reify mark deleted [
139 silly reify   '/Users/josuegarrido/Documents/UppaCloud/Productos/UppaMed/crm-frontend/node_modules/@next/swc-linux-x64-musl'
139 silly reify ]
140 verbose reify failed optional dependency /Users/josuegarrido/Documents/UppaCloud/Productos/UppaMed/crm-frontend/node_modules/@next/swc-linux-x64-gnu
141 silly reify mark deleted [
141 silly reify   '/Users/josuegarrido/Documents/UppaCloud/Productos/UppaMed/crm-frontend/node_modules/@next/swc-linux-x64-gnu'
141 silly reify ]
142 verbose reify failed optional dependency /Users/josuegarrido/Documents/UppaCloud/Productos/UppaMed/crm-frontend/node_modules/@next/swc-linux-arm64-musl
143 silly reify mark deleted [
143 silly reify   '/Users/josuegarrido/Documents/UppaCloud/Productos/UppaMed/crm-frontend/node_modules/@next/swc-linux-arm64-musl'
143 silly reify ]
144 verbose reify failed optional dependency /Users/josuegarrido/Documents/UppaCloud/Productos/UppaMed/crm-frontend/node_modules/@next/swc-linux-arm64-gnu
145 silly reify mark deleted [
145 silly reify   '/Users/josuegarrido/Documents/UppaCloud/Productos/UppaMed/crm-frontend/node_modules/@next/swc-linux-arm64-gnu'
145 silly reify ]
146 verbose reify failed optional dependency /Users/josuegarrido/Documents/UppaCloud/Productos/UppaMed/crm-frontend/node_modules/@next/swc-darwin-arm64
147 silly reify mark deleted [
147 silly reify   '/Users/josuegarrido/Documents/UppaCloud/Productos/UppaMed/crm-frontend/node_modules/@next/swc-darwin-arm64'
147 silly reify ]
148 http cache base64-arraybuffer@https://registry.npmjs.org/base64-arraybuffer/-/base64-arraybuffer-1.0.2.tgz 0ms (cache hit)
149 http cache pako@https://registry.npmjs.org/pako/-/pako-2.1.0.tgz 0ms (cache hit)
150 http cache performance-now@https://registry.npmjs.org/performance-now/-/performance-now-2.1.0.tgz 0ms (cache hit)
151 http cache iobuffer@https://registry.npmjs.org/iobuffer/-/iobuffer-5.4.0.tgz 0ms (cache hit)
152 http cache svg-pathdata@https://registry.npmjs.org/svg-pathdata/-/svg-pathdata-6.0.3.tgz 0ms (cache hit)
153 http cache @types/trusted-types@https://registry.npmjs.org/@types/trusted-types/-/trusted-types-2.0.7.tgz 0ms (cache hit)
154 http cache stackblur-canvas@https://registry.npmjs.org/stackblur-canvas/-/stackblur-canvas-2.7.0.tgz 0ms (cache hit)
155 http cache rgbcolor@https://registry.npmjs.org/rgbcolor/-/rgbcolor-1.0.1.tgz 0ms (cache hit)
156 http cache regenerator-runtime@https://registry.npmjs.org/regenerator-runtime/-/regenerator-runtime-0.13.11.tgz 0ms (cache hit)
157 http cache raf@https://registry.npmjs.org/raf/-/raf-3.4.1.tgz 0ms (cache hit)
158 http cache @types/raf@https://registry.npmjs.org/@types/raf/-/raf-3.4.3.tgz 0ms (cache hit)
159 http cache @types/pako@https://registry.npmjs.org/@types/pako/-/pako-2.0.4.tgz 0ms (cache hit)
160 http cache fflate@https://registry.npmjs.org/fflate/-/fflate-0.8.2.tgz 0ms (cache hit)
161 http cache fast-png@https://registry.npmjs.org/fast-png/-/fast-png-6.4.0.tgz 0ms (cache hit)
162 http cache dompurify@https://registry.npmjs.org/dompurify/-/dompurify-3.2.6.tgz 0ms (cache hit)
163 http cache utrie@https://registry.npmjs.org/utrie/-/utrie-1.0.2.tgz 0ms (cache hit)
164 http cache core-js@https://registry.npmjs.org/core-js/-/core-js-3.45.1.tgz 0ms (cache hit)
165 http cache canvg@https://registry.npmjs.org/canvg/-/canvg-3.0.11.tgz 0ms (cache hit)
166 http cache text-segmentation@https://registry.npmjs.org/text-segmentation/-/text-segmentation-1.0.3.tgz 0ms (cache hit)
167 http cache css-line-break@https://registry.npmjs.org/css-line-break/-/css-line-break-2.1.0.tgz 0ms (cache hit)
168 http cache jspdf@https://registry.npmjs.org/jspdf/-/jspdf-3.0.2.tgz 0ms (cache hit)
169 silly tarball no local data for base64-arraybuffer@https://registry.npmjs.org/base64-arraybuffer/-/base64-arraybuffer-1.0.2.tgz. Extracting by manifest.
170 silly tarball no local data for pako@https://registry.npmjs.org/pako/-/pako-2.1.0.tgz. Extracting by manifest.
171 http cache html2canvas@https://registry.npmjs.org/html2canvas/-/html2canvas-1.4.1.tgz 0ms (cache hit)
172 silly tarball no local data for performance-now@https://registry.npmjs.org/performance-now/-/performance-now-2.1.0.tgz. Extracting by manifest.
173 silly tarball no local data for iobuffer@https://registry.npmjs.org/iobuffer/-/iobuffer-5.4.0.tgz. Extracting by manifest.
174 silly tarball no local data for svg-pathdata@https://registry.npmjs.org/svg-pathdata/-/svg-pathdata-6.0.3.tgz. Extracting by manifest.
175 silly tarball no local data for @types/trusted-types@https://registry.npmjs.org/@types/trusted-types/-/trusted-types-2.0.7.tgz. Extracting by manifest.
176 silly tarball no local data for stackblur-canvas@https://registry.npmjs.org/stackblur-canvas/-/stackblur-canvas-2.7.0.tgz. Extracting by manifest.
177 silly tarball no local data for rgbcolor@https://registry.npmjs.org/rgbcolor/-/rgbcolor-1.0.1.tgz. Extracting by manifest.
178 silly tarball no local data for regenerator-runtime@https://registry.npmjs.org/regenerator-runtime/-/regenerator-runtime-0.13.11.tgz. Extracting by manifest.
179 silly tarball no local data for raf@https://registry.npmjs.org/raf/-/raf-3.4.1.tgz. Extracting by manifest.
180 silly tarball no local data for @types/raf@https://registry.npmjs.org/@types/raf/-/raf-3.4.3.tgz. Extracting by manifest.
181 silly tarball no local data for @types/pako@https://registry.npmjs.org/@types/pako/-/pako-2.0.4.tgz. Extracting by manifest.
182 silly tarball no local data for fflate@https://registry.npmjs.org/fflate/-/fflate-0.8.2.tgz. Extracting by manifest.
183 silly tarball no local data for fast-png@https://registry.npmjs.org/fast-png/-/fast-png-6.4.0.tgz. Extracting by manifest.
184 silly tarball no local data for utrie@https://registry.npmjs.org/utrie/-/utrie-1.0.2.tgz. Extracting by manifest.
185 silly tarball no local data for dompurify@https://registry.npmjs.org/dompurify/-/dompurify-3.2.6.tgz. Extracting by manifest.
186 silly tarball no local data for core-js@https://registry.npmjs.org/core-js/-/core-js-3.45.1.tgz. Extracting by manifest.
187 silly tarball no local data for canvg@https://registry.npmjs.org/canvg/-/canvg-3.0.11.tgz. Extracting by manifest.
188 silly tarball no local data for text-segmentation@https://registry.npmjs.org/text-segmentation/-/text-segmentation-1.0.3.tgz. Extracting by manifest.
189 silly tarball no local data for css-line-break@https://registry.npmjs.org/css-line-break/-/css-line-break-2.1.0.tgz. Extracting by manifest.
190 silly tarball no local data for jspdf@https://registry.npmjs.org/jspdf/-/jspdf-3.0.2.tgz. Extracting by manifest.
191 silly tarball no local data for html2canvas@https://registry.npmjs.org/html2canvas/-/html2canvas-1.4.1.tgz. Extracting by manifest.
192 http fetch GET 200 https://registry.npmjs.org/base64-arraybuffer/-/base64-arraybuffer-1.0.2.tgz 367ms (cache miss)
193 http fetch GET 200 https://registry.npmjs.org/performance-now/-/performance-now-2.1.0.tgz 367ms (cache miss)
194 http fetch GET 200 https://registry.npmjs.org/rgbcolor/-/rgbcolor-1.0.1.tgz 387ms (cache miss)
195 http fetch GET 200 https://registry.npmjs.org/raf/-/raf-3.4.1.tgz 397ms (cache miss)
196 http fetch GET 200 https://registry.npmjs.org/regenerator-runtime/-/regenerator-runtime-0.13.11.tgz 399ms (cache miss)
197 http fetch GET 200 https://registry.npmjs.org/iobuffer/-/iobuffer-5.4.0.tgz 408ms (cache miss)
198 http fetch GET 200 https://registry.npmjs.org/stackblur-canvas/-/stackblur-canvas-2.7.0.tgz 464ms (cache miss)
199 http fetch GET 200 https://registry.npmjs.org/svg-pathdata/-/svg-pathdata-6.0.3.tgz 494ms (cache miss)
200 http fetch GET 200 https://registry.npmjs.org/@types/pako/-/pako-2.0.4.tgz 494ms (cache miss)
201 http fetch GET 200 https://registry.npmjs.org/@types/raf/-/raf-3.4.3.tgz 502ms (cache miss)
202 http fetch GET 200 https://registry.npmjs.org/text-segmentation/-/text-segmentation-1.0.3.tgz 532ms (cache miss)
203 http fetch GET 200 https://registry.npmjs.org/@types/trusted-types/-/trusted-types-2.0.7.tgz 555ms (cache miss)
204 http fetch GET 200 https://registry.npmjs.org/css-line-break/-/css-line-break-2.1.0.tgz 616ms (cache miss)
205 http fetch GET 200 https://registry.npmjs.org/utrie/-/utrie-1.0.2.tgz 676ms (cache miss)
206 http fetch GET 200 https://registry.npmjs.org/dompurify/-/dompurify-3.2.6.tgz 680ms (cache miss)
207 http fetch GET 200 https://registry.npmjs.org/fflate/-/fflate-0.8.2.tgz 763ms (cache miss)
208 http fetch GET 200 https://registry.npmjs.org/fast-png/-/fast-png-6.4.0.tgz 785ms (cache miss)
209 http fetch GET 200 https://registry.npmjs.org/pako/-/pako-2.1.0.tgz 824ms (cache miss)
210 http fetch GET 200 https://registry.npmjs.org/canvg/-/canvg-3.0.11.tgz 1020ms (cache miss)
211 http fetch GET 200 https://registry.npmjs.org/html2canvas/-/html2canvas-1.4.1.tgz 1375ms (cache miss)
212 http fetch GET 200 https://registry.npmjs.org/jspdf/-/jspdf-3.0.2.tgz 1976ms (cache miss)
213 http fetch GET 200 https://registry.npmjs.org/core-js/-/core-js-3.45.1.tgz 2756ms (cache miss)
214 info run core-js@3.45.1 postinstall node_modules/core-js node -e "try{require('./postinstall')}catch(e){}"
215 info run core-js@3.45.1 postinstall { code: 0, signal: null }
216 silly ADD node_modules/base64-arraybuffer
217 silly ADD node_modules/performance-now
218 silly ADD node_modules/pako
219 silly ADD node_modules/iobuffer
220 silly ADD node_modules/@types/pako
221 silly ADD node_modules/@types/trusted-types
222 silly ADD node_modules/svg-pathdata
223 silly ADD node_modules/stackblur-canvas
224 silly ADD node_modules/rgbcolor
225 silly ADD node_modules/regenerator-runtime
226 silly ADD node_modules/raf
227 silly ADD node_modules/@types/raf
228 silly ADD node_modules/fflate
229 silly ADD node_modules/fast-png
230 silly ADD node_modules/dompurify
231 silly ADD node_modules/core-js
232 silly ADD node_modules/canvg
233 silly ADD node_modules/utrie
234 silly ADD node_modules/text-segmentation
235 silly ADD node_modules/css-line-break
236 silly ADD node_modules/jspdf
237 silly ADD node_modules/html2canvas
238 silly ADD
239 silly ADD
240 silly ADD
241 silly ADD
242 silly ADD
243 silly ADD
244 silly ADD
245 verbose cwd /Users/josuegarrido/Documents/UppaCloud/Productos/UppaMed/crm-frontend
246 verbose os Darwin 24.4.0
247 verbose node v23.6.1
248 verbose npm  v10.9.2
249 verbose exit 0
250 info ok
