0 verbose cli /usr/local/Cellar/node/23.6.1/bin/node /usr/local/bin/npm
1 info using npm@10.9.2
2 info using node@v23.6.1
3 silly config load:file:/usr/local/lib/node_modules/npm/npmrc
4 silly config load:file:/Users/josuegarrido/Documents/UppaCloud/Productos/UppaMed/crm-frontend/.npmrc
5 silly config load:file:/Users/josuegarrido/.npmrc
6 silly config load:file:/usr/local/etc/npmrc
7 verbose title npm install
8 verbose argv "install" "--legacy-peer-deps"
9 verbose logfile logs-max:10 dir:/Users/josuegarrido/Documents/UppaCloud/Productos/UppaMed/crm-frontend/.npm-cache/_logs/2025-08-01T15_15_28_928Z-
10 verbose logfile /Users/josuegarrido/Documents/UppaCloud/Productos/UppaMed/crm-frontend/.npm-cache/_logs/2025-08-01T15_15_28_928Z-debug-0.log
11 silly logfile done cleaning log files
12 silly packumentCache heap:4345298944 maxSize:1086324736 maxEntrySize:543162368
13 silly idealTree buildDeps
14 silly fetch manifest tailwindcss@^3.4.1
15 silly packumentCache full:https://registry.npmjs.org/tailwindcss cache-miss
16 http fetch GET 200 https://registry.npmjs.org/tailwindcss 730ms (cache miss)
17 silly packumentCache full:https://registry.npmjs.org/tailwindcss set size:undefined disposed:false
18 silly placeDep ROOT tailwindcss@3.4.17 REPLACE for: crm-frontend@0.1.0 want: ^3.4.1
19 silly fetch manifest arg@^5.0.2
20 silly packumentCache full:https://registry.npmjs.org/arg cache-miss
21 silly fetch manifest dlv@^1.1.3
22 silly packumentCache full:https://registry.npmjs.org/dlv cache-miss
23 silly fetch manifest jiti@^1.21.6
24 silly packumentCache full:https://registry.npmjs.org/jiti cache-miss
25 silly fetch manifest sucrase@^3.35.0
26 silly packumentCache full:https://registry.npmjs.org/sucrase cache-miss
27 silly fetch manifest chokidar@^3.6.0
28 silly packumentCache full:https://registry.npmjs.org/chokidar cache-miss
29 silly fetch manifest fast-glob@^3.3.2
30 silly packumentCache full:https://registry.npmjs.org/fast-glob cache-miss
31 silly fetch manifest lilconfig@^3.1.3
32 silly packumentCache full:https://registry.npmjs.org/lilconfig cache-miss
33 http fetch GET 200 https://registry.npmjs.org/arg 115ms (cache miss)
34 silly packumentCache full:https://registry.npmjs.org/arg set size:undefined disposed:false
35 silly fetch manifest didyoumean@^1.2.2
36 silly packumentCache full:https://registry.npmjs.org/didyoumean cache-miss
37 http fetch GET 200 https://registry.npmjs.org/didyoumean 119ms (cache miss)
38 silly packumentCache full:https://registry.npmjs.org/didyoumean set size:undefined disposed:false
39 silly fetch manifest postcss-js@^4.0.1
40 silly packumentCache full:https://registry.npmjs.org/postcss-js cache-miss
41 http fetch GET 200 https://registry.npmjs.org/postcss-js 121ms (cache miss)
42 silly packumentCache full:https://registry.npmjs.org/postcss-js set size:undefined disposed:false
43 silly fetch manifest object-hash@^3.0.0
44 silly packumentCache full:https://registry.npmjs.org/object-hash cache-miss
45 http fetch GET 200 https://registry.npmjs.org/lilconfig 350ms (cache miss)
46 silly packumentCache full:https://registry.npmjs.org/lilconfig set size:undefined disposed:false
47 silly fetch manifest normalize-path@^3.0.0
48 silly packumentCache full:https://registry.npmjs.org/normalize-path cache-miss
49 http fetch GET 200 https://registry.npmjs.org/dlv 356ms (cache miss)
50 silly packumentCache full:https://registry.npmjs.org/dlv set size:undefined disposed:false
51 silly fetch manifest postcss-import@^15.1.0
52 silly packumentCache full:https://registry.npmjs.org/postcss-import cache-miss
53 http fetch GET 200 https://registry.npmjs.org/sucrase 368ms (cache miss)
54 silly packumentCache full:https://registry.npmjs.org/sucrase set size:undefined disposed:false
55 silly fetch manifest postcss-nested@^6.2.0
56 silly packumentCache full:https://registry.npmjs.org/postcss-nested cache-miss
57 http fetch GET 200 https://registry.npmjs.org/jiti 379ms (cache miss)
58 silly packumentCache full:https://registry.npmjs.org/jiti set size:undefined disposed:false
59 silly fetch manifest postcss-load-config@^4.0.2
60 silly packumentCache full:https://registry.npmjs.org/postcss-load-config cache-miss
61 http fetch GET 200 https://registry.npmjs.org/normalize-path 104ms (cache miss)
62 silly packumentCache full:https://registry.npmjs.org/normalize-path set size:undefined disposed:false
63 silly fetch manifest postcss-selector-parser@^6.1.2
64 silly packumentCache full:https://registry.npmjs.org/postcss-selector-parser cache-miss
65 http fetch GET 200 https://registry.npmjs.org/object-hash 113ms (cache miss)
66 silly packumentCache full:https://registry.npmjs.org/object-hash set size:undefined disposed:false
67 http fetch GET 200 https://registry.npmjs.org/postcss-import 110ms (cache miss)
68 silly packumentCache full:https://registry.npmjs.org/postcss-import set size:undefined disposed:false
69 http fetch GET 200 https://registry.npmjs.org/postcss-load-config 94ms (cache miss)
70 silly packumentCache full:https://registry.npmjs.org/postcss-load-config set size:undefined disposed:false
71 http fetch GET 200 https://registry.npmjs.org/postcss-nested 157ms (cache miss)
72 silly packumentCache full:https://registry.npmjs.org/postcss-nested set size:undefined disposed:false
73 http fetch GET 200 https://registry.npmjs.org/chokidar 536ms (cache miss)
74 silly packumentCache full:https://registry.npmjs.org/chokidar set size:undefined disposed:false
75 http fetch GET 200 https://registry.npmjs.org/fast-glob 543ms (cache miss)
76 silly packumentCache full:https://registry.npmjs.org/fast-glob set size:undefined disposed:false
77 http fetch GET 200 https://registry.npmjs.org/postcss-selector-parser 97ms (cache miss)
78 silly packumentCache full:https://registry.npmjs.org/postcss-selector-parser set size:undefined disposed:false
79 silly fetch manifest tailwindcss@4.1.11
80 silly packumentCache full:https://registry.npmjs.org/tailwindcss cache-miss
81 http cache https://registry.npmjs.org/tailwindcss 34ms (cache hit)
82 silly packumentCache full:https://registry.npmjs.org/tailwindcss set size:9317587 disposed:false
83 silly placeDep node_modules/@tailwindcss/node tailwindcss@4.1.11 OK for: @tailwindcss/node@4.1.11 want: 4.1.11
84 silly placeDep node_modules/@tailwindcss/postcss tailwindcss@4.1.11 OK for: @tailwindcss/postcss@4.1.11 want: 4.1.11
85 silly placeDep ROOT arg@5.0.2 OK for: tailwindcss@3.4.17 want: ^5.0.2
86 silly placeDep ROOT chokidar@3.6.0 OK for: tailwindcss@3.4.17 want: ^3.6.0
87 silly placeDep ROOT didyoumean@1.2.2 OK for: tailwindcss@3.4.17 want: ^1.2.2
88 silly placeDep ROOT dlv@1.1.3 OK for: tailwindcss@3.4.17 want: ^1.1.3
89 silly placeDep node_modules/tailwindcss fast-glob@3.3.3 OK for: tailwindcss@3.4.17 want: ^3.3.2
90 silly placeDep node_modules/tailwindcss jiti@1.21.7 OK for: tailwindcss@3.4.17 want: ^1.21.6
91 silly placeDep ROOT lilconfig@3.1.3 OK for: tailwindcss@3.4.17 want: ^3.1.3
92 silly placeDep ROOT normalize-path@3.0.0 OK for: tailwindcss@3.4.17 want: ^3.0.0
93 silly placeDep ROOT object-hash@3.0.0 OK for: tailwindcss@3.4.17 want: ^3.0.0
94 silly placeDep ROOT postcss-import@15.1.0 OK for: tailwindcss@3.4.17 want: ^15.1.0
95 silly placeDep ROOT postcss-js@4.0.1 OK for: tailwindcss@3.4.17 want: ^4.0.1
96 silly placeDep ROOT postcss-load-config@4.0.2 OK for: tailwindcss@3.4.17 want: ^4.0.2
97 silly placeDep ROOT postcss-nested@6.2.0 OK for: tailwindcss@3.4.17 want: ^6.2.0
98 silly placeDep ROOT postcss-selector-parser@6.1.2 OK for: tailwindcss@3.4.17 want: ^6.1.2
99 silly placeDep ROOT sucrase@3.35.0 OK for: tailwindcss@3.4.17 want: ^3.35.0
100 silly fetch manifest anymatch@~3.1.2
101 silly packumentCache full:https://registry.npmjs.org/anymatch cache-miss
102 silly fetch manifest readdirp@~3.6.0
103 silly packumentCache full:https://registry.npmjs.org/readdirp cache-miss
104 silly fetch manifest glob-parent@~5.1.2
105 silly packumentCache full:https://registry.npmjs.org/glob-parent cache-miss
106 silly fetch manifest is-binary-path@~2.1.0
107 silly packumentCache full:https://registry.npmjs.org/is-binary-path cache-miss
108 silly fetch manifest normalize-path@~3.0.0
109 silly packumentCache full:https://registry.npmjs.org/normalize-path cache-miss
110 silly fetch manifest fsevents@~2.3.2
111 silly packumentCache full:https://registry.npmjs.org/fsevents cache-miss
112 silly fetch manifest glob-parent@^5.1.2
113 silly packumentCache full:https://registry.npmjs.org/glob-parent cache-miss
114 http cache https://registry.npmjs.org/normalize-path 9ms (cache hit)
115 silly packumentCache full:https://registry.npmjs.org/normalize-path set size:28713 disposed:false
116 silly fetch manifest read-cache@^1.0.0
117 silly packumentCache full:https://registry.npmjs.org/read-cache cache-miss
118 http fetch GET 200 https://registry.npmjs.org/is-binary-path 120ms (cache miss)
119 silly packumentCache full:https://registry.npmjs.org/is-binary-path set size:undefined disposed:false
120 silly fetch manifest camelcase-css@^2.0.1
121 silly packumentCache full:https://registry.npmjs.org/camelcase-css cache-miss
122 http fetch GET 200 https://registry.npmjs.org/anymatch 125ms (cache miss)
123 silly packumentCache full:https://registry.npmjs.org/anymatch set size:undefined disposed:false
124 silly fetch manifest yaml@^2.3.4
125 silly packumentCache full:https://registry.npmjs.org/yaml cache-miss
126 http fetch GET 200 https://registry.npmjs.org/glob-parent 131ms (cache miss)
127 silly packumentCache full:https://registry.npmjs.org/glob-parent set size:undefined disposed:false
128 silly fetch manifest postcss-selector-parser@^6.1.1
129 silly packumentCache full:https://registry.npmjs.org/postcss-selector-parser cache-miss
130 http fetch GET 200 https://registry.npmjs.org/glob-parent 132ms (cache miss)
131 silly packumentCache full:https://registry.npmjs.org/glob-parent set size:undefined disposed:false
132 silly fetch manifest cssesc@^3.0.0
133 silly packumentCache full:https://registry.npmjs.org/cssesc cache-miss
134 http fetch GET 200 https://registry.npmjs.org/readdirp 138ms (cache miss)
135 silly packumentCache full:https://registry.npmjs.org/readdirp set size:undefined disposed:false
136 silly fetch manifest util-deprecate@^1.0.2
137 silly packumentCache full:https://registry.npmjs.org/util-deprecate cache-miss
138 http fetch GET 200 https://registry.npmjs.org/read-cache 128ms (cache miss)
139 silly packumentCache full:https://registry.npmjs.org/read-cache set size:undefined disposed:false
140 silly fetch manifest commander@^4.0.0
141 silly packumentCache full:https://registry.npmjs.org/commander cache-miss
142 http fetch GET 200 https://registry.npmjs.org/fsevents 144ms (cache miss)
143 silly packumentCache full:https://registry.npmjs.org/fsevents set size:undefined disposed:false
144 silly fetch manifest glob@^10.3.10
145 silly packumentCache full:https://registry.npmjs.org/glob cache-miss
146 http cache https://registry.npmjs.org/postcss-selector-parser 17ms (cache hit)
147 silly packumentCache full:https://registry.npmjs.org/postcss-selector-parser set size:174136 disposed:false
148 silly fetch manifest lines-and-columns@^1.1.6
149 silly packumentCache full:https://registry.npmjs.org/lines-and-columns cache-miss
150 http fetch GET 200 https://registry.npmjs.org/camelcase-css 101ms (cache miss)
151 silly packumentCache full:https://registry.npmjs.org/camelcase-css set size:undefined disposed:false
152 silly fetch manifest mz@^2.7.0
153 silly packumentCache full:https://registry.npmjs.org/mz cache-miss
154 http fetch GET 200 https://registry.npmjs.org/yaml 111ms (cache miss)
155 silly packumentCache full:https://registry.npmjs.org/yaml set size:undefined disposed:false
156 silly fetch manifest pirates@^4.0.1
157 silly packumentCache full:https://registry.npmjs.org/pirates cache-miss
158 http fetch GET 200 https://registry.npmjs.org/cssesc 116ms (cache miss)
159 silly packumentCache full:https://registry.npmjs.org/cssesc set size:undefined disposed:false
160 silly fetch manifest ts-interface-checker@^0.1.9
161 silly packumentCache full:https://registry.npmjs.org/ts-interface-checker cache-miss
162 http fetch GET 200 https://registry.npmjs.org/util-deprecate 118ms (cache miss)
163 silly packumentCache full:https://registry.npmjs.org/util-deprecate set size:undefined disposed:false
164 http fetch GET 200 https://registry.npmjs.org/lines-and-columns 107ms (cache miss)
165 silly packumentCache full:https://registry.npmjs.org/lines-and-columns set size:undefined disposed:false
166 http fetch GET 200 https://registry.npmjs.org/mz 96ms (cache miss)
167 silly packumentCache full:https://registry.npmjs.org/mz set size:undefined disposed:false
168 http fetch GET 200 https://registry.npmjs.org/pirates 113ms (cache miss)
169 silly packumentCache full:https://registry.npmjs.org/pirates set size:undefined disposed:false
170 http fetch GET 200 https://registry.npmjs.org/ts-interface-checker 111ms (cache miss)
171 silly packumentCache full:https://registry.npmjs.org/ts-interface-checker set size:undefined disposed:false
172 http fetch GET 200 https://registry.npmjs.org/commander 253ms (cache miss)
173 silly packumentCache full:https://registry.npmjs.org/commander set size:undefined disposed:false
174 http fetch GET 200 https://registry.npmjs.org/glob 259ms (cache miss)
175 silly packumentCache full:https://registry.npmjs.org/glob set size:undefined disposed:false
176 silly placeDep ROOT anymatch@3.1.3 OK for: chokidar@3.6.0 want: ~3.1.2
177 silly placeDep ROOT fsevents@2.3.3 OK for: chokidar@3.6.0 want: ~2.3.2
178 silly placeDep node_modules/chokidar glob-parent@5.1.2 OK for: chokidar@3.6.0 want: ~5.1.2
179 silly placeDep ROOT is-binary-path@2.1.0 OK for: chokidar@3.6.0 want: ~2.1.0
180 silly placeDep ROOT readdirp@3.6.0 OK for: chokidar@3.6.0 want: ~3.6.0
181 silly fetch manifest binary-extensions@^2.0.0
182 silly packumentCache full:https://registry.npmjs.org/binary-extensions cache-miss
183 http fetch GET 200 https://registry.npmjs.org/binary-extensions 99ms (cache miss)
184 silly packumentCache full:https://registry.npmjs.org/binary-extensions set size:undefined disposed:false
185 silly placeDep ROOT binary-extensions@2.3.0 OK for: is-binary-path@2.1.0 want: ^2.0.0
186 silly placeDep ROOT read-cache@1.0.0 OK for: postcss-import@15.1.0 want: ^1.0.0
187 silly fetch manifest pify@^2.3.0
188 silly packumentCache full:https://registry.npmjs.org/pify cache-miss
189 http fetch GET 200 https://registry.npmjs.org/pify 104ms (cache miss)
190 silly packumentCache full:https://registry.npmjs.org/pify set size:undefined disposed:false
191 silly placeDep ROOT camelcase-css@2.0.1 OK for: postcss-js@4.0.1 want: ^2.0.1
192 silly placeDep ROOT yaml@2.8.0 OK for: postcss-load-config@4.0.2 want: ^2.3.4
193 silly placeDep ROOT cssesc@3.0.0 OK for: postcss-selector-parser@6.1.2 want: ^3.0.0
194 silly placeDep ROOT util-deprecate@1.0.2 OK for: postcss-selector-parser@6.1.2 want: ^1.0.2
195 silly placeDep ROOT pify@2.3.0 OK for: read-cache@1.0.0 want: ^2.3.0
196 silly placeDep ROOT commander@4.1.1 OK for: sucrase@3.35.0 want: ^4.0.0
197 silly placeDep ROOT glob@10.4.5 OK for: sucrase@3.35.0 want: ^10.3.10
198 silly placeDep ROOT lines-and-columns@1.2.4 OK for: sucrase@3.35.0 want: ^1.1.6
199 silly placeDep ROOT mz@2.7.0 OK for: sucrase@3.35.0 want: ^2.7.0
200 silly placeDep ROOT pirates@4.0.7 OK for: sucrase@3.35.0 want: ^4.0.1
201 silly placeDep ROOT ts-interface-checker@0.1.13 OK for: sucrase@3.35.0 want: ^0.1.9
202 silly fetch manifest jackspeak@^3.1.2
203 silly packumentCache full:https://registry.npmjs.org/jackspeak cache-miss
204 silly fetch manifest minimatch@^9.0.4
205 silly packumentCache full:https://registry.npmjs.org/minimatch cache-miss
206 silly fetch manifest path-scurry@^1.11.1
207 silly packumentCache full:https://registry.npmjs.org/path-scurry cache-miss
208 silly fetch manifest foreground-child@^3.1.0
209 silly packumentCache full:https://registry.npmjs.org/foreground-child cache-miss
210 silly fetch manifest package-json-from-dist@^1.0.0
211 silly packumentCache full:https://registry.npmjs.org/package-json-from-dist cache-miss
212 silly fetch manifest any-promise@^1.0.0
213 silly packumentCache full:https://registry.npmjs.org/any-promise cache-miss
214 silly fetch manifest thenify-all@^1.0.0
215 silly packumentCache full:https://registry.npmjs.org/thenify-all cache-miss
216 http fetch GET 200 https://registry.npmjs.org/path-scurry 104ms (cache miss)
217 silly packumentCache full:https://registry.npmjs.org/path-scurry set size:undefined disposed:false
218 http fetch GET 200 https://registry.npmjs.org/jackspeak 107ms (cache miss)
219 silly packumentCache full:https://registry.npmjs.org/jackspeak set size:undefined disposed:false
220 http fetch GET 200 https://registry.npmjs.org/any-promise 111ms (cache miss)
221 silly packumentCache full:https://registry.npmjs.org/any-promise set size:undefined disposed:false
222 http fetch GET 200 https://registry.npmjs.org/foreground-child 122ms (cache miss)
223 silly packumentCache full:https://registry.npmjs.org/foreground-child set size:undefined disposed:false
224 http fetch GET 200 https://registry.npmjs.org/thenify-all 126ms (cache miss)
225 silly packumentCache full:https://registry.npmjs.org/thenify-all set size:undefined disposed:false
226 http fetch GET 200 https://registry.npmjs.org/package-json-from-dist 129ms (cache miss)
227 silly packumentCache full:https://registry.npmjs.org/package-json-from-dist set size:undefined disposed:false
228 http fetch GET 200 https://registry.npmjs.org/minimatch 150ms (cache miss)
229 silly packumentCache full:https://registry.npmjs.org/minimatch set size:undefined disposed:false
230 silly placeDep ROOT foreground-child@3.3.1 OK for: glob@10.4.5 want: ^3.1.0
231 silly placeDep ROOT jackspeak@3.4.3 OK for: glob@10.4.5 want: ^3.1.2
232 silly placeDep node_modules/glob minimatch@9.0.5 OK for: glob@10.4.5 want: ^9.0.4
233 silly placeDep ROOT package-json-from-dist@1.0.1 OK for: glob@10.4.5 want: ^1.0.0
234 silly placeDep ROOT path-scurry@1.11.1 OK for: glob@10.4.5 want: ^1.11.1
235 silly fetch manifest signal-exit@^4.0.1
236 silly packumentCache full:https://registry.npmjs.org/signal-exit cache-miss
237 silly fetch manifest @isaacs/cliui@^8.0.2
238 silly packumentCache full:https://registry.npmjs.org/@isaacs%2fcliui cache-miss
239 silly fetch manifest @pkgjs/parseargs@^0.11.0
240 silly packumentCache full:https://registry.npmjs.org/@pkgjs%2fparseargs cache-miss
241 silly fetch manifest brace-expansion@^2.0.1
242 silly packumentCache full:https://registry.npmjs.org/brace-expansion cache-miss
243 silly fetch manifest lru-cache@^10.2.0
244 silly packumentCache full:https://registry.npmjs.org/lru-cache cache-miss
245 http fetch GET 200 https://registry.npmjs.org/signal-exit 121ms (cache miss)
246 silly packumentCache full:https://registry.npmjs.org/signal-exit set size:undefined disposed:false
247 http fetch GET 200 https://registry.npmjs.org/brace-expansion 126ms (cache miss)
248 silly packumentCache full:https://registry.npmjs.org/brace-expansion set size:undefined disposed:false
249 http fetch GET 200 https://registry.npmjs.org/lru-cache 127ms (cache miss)
250 silly packumentCache full:https://registry.npmjs.org/lru-cache set size:undefined disposed:false
251 http fetch GET 200 https://registry.npmjs.org/@pkgjs%2fparseargs 138ms (cache miss)
252 silly packumentCache full:https://registry.npmjs.org/@pkgjs%2fparseargs set size:undefined disposed:false
253 http fetch GET 200 https://registry.npmjs.org/@isaacs%2fcliui 141ms (cache miss)
254 silly packumentCache full:https://registry.npmjs.org/@isaacs%2fcliui set size:undefined disposed:false
255 silly placeDep ROOT signal-exit@4.1.0 OK for: foreground-child@3.3.1 want: ^4.0.1
256 silly placeDep ROOT @isaacs/cliui@8.0.2 OK for: jackspeak@3.4.3 want: ^8.0.2
257 silly placeDep ROOT @pkgjs/parseargs@0.11.0 OK for: jackspeak@3.4.3 want: ^0.11.0
258 silly fetch manifest string-width@^5.1.2
259 silly packumentCache full:https://registry.npmjs.org/string-width cache-miss
260 silly fetch manifest string-width-cjs@npm:string-width@^4.2.0
261 silly packumentCache full:https://registry.npmjs.org/string-width cache-miss
262 silly fetch manifest strip-ansi@^7.0.1
263 silly packumentCache full:https://registry.npmjs.org/strip-ansi cache-miss
264 silly fetch manifest strip-ansi-cjs@npm:strip-ansi@^6.0.1
265 silly packumentCache full:https://registry.npmjs.org/strip-ansi cache-miss
266 silly fetch manifest wrap-ansi@^8.1.0
267 silly packumentCache full:https://registry.npmjs.org/wrap-ansi cache-miss
268 silly fetch manifest wrap-ansi-cjs@npm:wrap-ansi@^7.0.0
269 silly packumentCache full:https://registry.npmjs.org/wrap-ansi cache-miss
270 http fetch GET 200 https://registry.npmjs.org/strip-ansi 117ms (cache miss)
271 silly packumentCache full:https://registry.npmjs.org/strip-ansi set size:undefined disposed:false
272 http fetch GET 200 https://registry.npmjs.org/wrap-ansi 118ms (cache miss)
273 silly packumentCache full:https://registry.npmjs.org/wrap-ansi set size:undefined disposed:false
274 http fetch GET 200 https://registry.npmjs.org/string-width 122ms (cache miss)
275 silly packumentCache full:https://registry.npmjs.org/string-width set size:undefined disposed:false
276 http fetch GET 200 https://registry.npmjs.org/strip-ansi 124ms (cache miss)
277 silly packumentCache full:https://registry.npmjs.org/strip-ansi set size:undefined disposed:false
278 http fetch GET 200 https://registry.npmjs.org/string-width 129ms (cache miss)
279 silly packumentCache full:https://registry.npmjs.org/string-width set size:undefined disposed:false
280 http fetch GET 200 https://registry.npmjs.org/wrap-ansi 139ms (cache miss)
281 silly packumentCache full:https://registry.npmjs.org/wrap-ansi set size:undefined disposed:false
282 silly placeDep ROOT string-width@5.1.2 OK for: @isaacs/cliui@8.0.2 want: ^5.1.2
283 silly placeDep ROOT string-width-cjs@4.2.3 OK for: @isaacs/cliui@8.0.2 want: npm:string-width@^4.2.0
284 silly placeDep ROOT strip-ansi@7.1.0 OK for: @isaacs/cliui@8.0.2 want: ^7.0.1
285 silly placeDep ROOT strip-ansi-cjs@6.0.1 OK for: @isaacs/cliui@8.0.2 want: npm:strip-ansi@^6.0.1
286 silly placeDep ROOT wrap-ansi@8.1.0 OK for: @isaacs/cliui@8.0.2 want: ^8.1.0
287 silly placeDep ROOT wrap-ansi-cjs@7.0.0 OK for: @isaacs/cliui@8.0.2 want: npm:wrap-ansi@^7.0.0
288 silly fetch manifest eastasianwidth@^0.2.0
289 silly packumentCache full:https://registry.npmjs.org/eastasianwidth cache-miss
290 silly fetch manifest strip-ansi@^6.0.1
291 silly packumentCache full:https://registry.npmjs.org/strip-ansi cache-miss
292 silly fetch manifest emoji-regex@^8.0.0
293 silly packumentCache full:https://registry.npmjs.org/emoji-regex cache-miss
294 silly fetch manifest is-fullwidth-code-point@^3.0.0
295 silly packumentCache full:https://registry.npmjs.org/is-fullwidth-code-point cache-miss
296 silly fetch manifest ansi-regex@^6.0.1
297 silly packumentCache full:https://registry.npmjs.org/ansi-regex cache-miss
298 silly fetch manifest ansi-regex@^5.0.1
299 silly packumentCache full:https://registry.npmjs.org/ansi-regex cache-miss
300 silly fetch manifest ansi-styles@^6.1.0
301 silly packumentCache full:https://registry.npmjs.org/ansi-styles cache-miss
302 http cache https://registry.npmjs.org/strip-ansi 10ms (cache hit)
303 silly packumentCache full:https://registry.npmjs.org/strip-ansi set size:43180 disposed:false
304 silly fetch manifest string-width@^4.1.0
305 silly packumentCache full:https://registry.npmjs.org/string-width cache-miss
306 http cache https://registry.npmjs.org/string-width 4ms (cache hit)
307 silly packumentCache full:https://registry.npmjs.org/string-width set size:61460 disposed:false
308 silly fetch manifest strip-ansi@^6.0.0
309 silly packumentCache full:https://registry.npmjs.org/strip-ansi cache-hit
310 http fetch GET 200 https://registry.npmjs.org/emoji-regex 104ms (cache miss)
311 silly packumentCache full:https://registry.npmjs.org/emoji-regex set size:undefined disposed:false
312 http fetch GET 200 https://registry.npmjs.org/ansi-regex 106ms (cache miss)
313 silly packumentCache full:https://registry.npmjs.org/ansi-regex set size:undefined disposed:false
314 http fetch GET 200 https://registry.npmjs.org/eastasianwidth 111ms (cache miss)
315 silly packumentCache full:https://registry.npmjs.org/eastasianwidth set size:undefined disposed:false
316 http fetch GET 200 https://registry.npmjs.org/is-fullwidth-code-point 112ms (cache miss)
317 silly packumentCache full:https://registry.npmjs.org/is-fullwidth-code-point set size:undefined disposed:false
318 http fetch GET 200 https://registry.npmjs.org/ansi-styles 112ms (cache miss)
319 silly packumentCache full:https://registry.npmjs.org/ansi-styles set size:undefined disposed:false
320 http fetch GET 200 https://registry.npmjs.org/ansi-regex 234ms (cache miss)
321 silly packumentCache full:https://registry.npmjs.org/ansi-regex set size:undefined disposed:false
322 silly placeDep ROOT any-promise@1.3.0 OK for: mz@2.7.0 want: ^1.0.0
323 silly placeDep ROOT thenify-all@1.6.0 OK for: mz@2.7.0 want: ^1.0.0
324 silly fetch manifest thenify@>= 3.1.0 < 4
325 silly packumentCache full:https://registry.npmjs.org/thenify cache-miss
326 http fetch GET 200 https://registry.npmjs.org/thenify 275ms (cache miss)
327 silly packumentCache full:https://registry.npmjs.org/thenify set size:undefined disposed:false
328 silly placeDep ROOT lru-cache@10.4.3 OK for: path-scurry@1.11.1 want: ^10.2.0
329 silly placeDep ROOT eastasianwidth@0.2.0 OK for: string-width@5.1.2 want: ^0.2.0
330 silly placeDep node_modules/string-width-cjs emoji-regex@8.0.0 OK for: string-width@4.2.3 want: ^8.0.0
331 silly placeDep ROOT is-fullwidth-code-point@3.0.0 OK for: string-width@4.2.3 want: ^3.0.0
332 silly placeDep node_modules/string-width-cjs strip-ansi@6.0.1 OK for: string-width@4.2.3 want: ^6.0.1
333 silly placeDep ROOT ansi-regex@6.1.0 OK for: strip-ansi@7.1.0 want: ^6.0.1
334 silly placeDep node_modules/strip-ansi-cjs ansi-regex@5.0.1 OK for: strip-ansi@6.0.1 want: ^5.0.1
335 silly placeDep ROOT thenify@3.3.1 OK for: thenify-all@1.6.0 want: >= 3.1.0 < 4
336 silly placeDep node_modules/wrap-ansi ansi-styles@6.2.1 OK for: wrap-ansi@8.1.0 want: ^6.1.0
337 silly placeDep node_modules/wrap-ansi-cjs string-width@4.2.3 OK for: wrap-ansi@7.0.0 want: ^4.1.0
338 silly placeDep node_modules/wrap-ansi-cjs strip-ansi@6.0.1 OK for: wrap-ansi@7.0.0 want: ^6.0.0
339 silly placeDep node_modules/glob brace-expansion@2.0.2 OK for: minimatch@9.0.5 want: ^2.0.1
340 silly placeDep node_modules/string-width-cjs ansi-regex@5.0.1 OK for: strip-ansi@6.0.1 want: ^5.0.1
341 silly placeDep node_modules/tailwindcss/node_modules/fast-glob glob-parent@5.1.2 OK for: fast-glob@3.3.3 want: ^5.1.2
342 silly placeDep node_modules/wrap-ansi-cjs emoji-regex@8.0.0 OK for: string-width@4.2.3 want: ^8.0.0
343 silly placeDep node_modules/wrap-ansi-cjs ansi-regex@5.0.1 OK for: strip-ansi@6.0.1 want: ^5.0.1
344 silly reify mark retired [
344 silly reify   '/Users/josuegarrido/Documents/UppaCloud/Productos/UppaMed/crm-frontend/node_modules/@ampproject/remapping'
344 silly reify ]
345 silly reify mark retired [
345 silly reify   '/Users/josuegarrido/Documents/UppaCloud/Productos/UppaMed/crm-frontend/node_modules/@isaacs/fs-minipass'
345 silly reify ]
346 silly reify mark retired [
346 silly reify   '/Users/josuegarrido/Documents/UppaCloud/Productos/UppaMed/crm-frontend/node_modules/@tailwindcss/node'
346 silly reify ]
347 silly reify mark retired [
347 silly reify   '/Users/josuegarrido/Documents/UppaCloud/Productos/UppaMed/crm-frontend/node_modules/@tailwindcss/oxide'
347 silly reify ]
348 silly reify mark retired [
348 silly reify   '/Users/josuegarrido/Documents/UppaCloud/Productos/UppaMed/crm-frontend/node_modules/@tailwindcss/oxide-darwin-x64'
348 silly reify ]
349 silly reify mark retired [
349 silly reify   '/Users/josuegarrido/Documents/UppaCloud/Productos/UppaMed/crm-frontend/node_modules/@tailwindcss/postcss'
349 silly reify ]
350 silly reify mark retired [
350 silly reify   '/Users/josuegarrido/Documents/UppaCloud/Productos/UppaMed/crm-frontend/node_modules/chownr'
350 silly reify ]
351 silly reify mark retired [
351 silly reify   '/Users/josuegarrido/Documents/UppaCloud/Productos/UppaMed/crm-frontend/node_modules/enhanced-resolve'
351 silly reify ]
352 silly reify mark retired [
352 silly reify   '/Users/josuegarrido/Documents/UppaCloud/Productos/UppaMed/crm-frontend/node_modules/graceful-fs'
352 silly reify ]
353 silly reify mark retired [
353 silly reify   '/Users/josuegarrido/Documents/UppaCloud/Productos/UppaMed/crm-frontend/node_modules/jiti',
353 silly reify   '/Users/josuegarrido/Documents/UppaCloud/Productos/UppaMed/crm-frontend/node_modules/.bin/jiti'
353 silly reify ]
354 silly reify mark retired [
354 silly reify   '/Users/josuegarrido/Documents/UppaCloud/Productos/UppaMed/crm-frontend/node_modules/lightningcss'
354 silly reify ]
355 silly reify mark retired [
355 silly reify   '/Users/josuegarrido/Documents/UppaCloud/Productos/UppaMed/crm-frontend/node_modules/lightningcss-darwin-x64'
355 silly reify ]
356 silly reify mark retired [
356 silly reify   '/Users/josuegarrido/Documents/UppaCloud/Productos/UppaMed/crm-frontend/node_modules/magic-string'
356 silly reify ]
357 silly reify mark retired [
357 silly reify   '/Users/josuegarrido/Documents/UppaCloud/Productos/UppaMed/crm-frontend/node_modules/minizlib'
357 silly reify ]
358 silly reify mark retired [
358 silly reify   '/Users/josuegarrido/Documents/UppaCloud/Productos/UppaMed/crm-frontend/node_modules/mkdirp',
358 silly reify   '/Users/josuegarrido/Documents/UppaCloud/Productos/UppaMed/crm-frontend/node_modules/.bin/mkdirp'
358 silly reify ]
359 silly reify mark retired [
359 silly reify   '/Users/josuegarrido/Documents/UppaCloud/Productos/UppaMed/crm-frontend/node_modules/tailwindcss'
359 silly reify ]
360 silly reify mark retired [
360 silly reify   '/Users/josuegarrido/Documents/UppaCloud/Productos/UppaMed/crm-frontend/node_modules/tapable'
360 silly reify ]
361 silly reify mark retired [
361 silly reify   '/Users/josuegarrido/Documents/UppaCloud/Productos/UppaMed/crm-frontend/node_modules/tar'
361 silly reify ]
362 silly reify mark retired [
362 silly reify   '/Users/josuegarrido/Documents/UppaCloud/Productos/UppaMed/crm-frontend/node_modules/tw-animate-css'
362 silly reify ]
363 silly reify mark retired [
363 silly reify   '/Users/josuegarrido/Documents/UppaCloud/Productos/UppaMed/crm-frontend/node_modules/yallist'
363 silly reify ]
364 silly reify moves {
364 silly reify   '/Users/josuegarrido/Documents/UppaCloud/Productos/UppaMed/crm-frontend/node_modules/@ampproject/remapping': '/Users/josuegarrido/Documents/UppaCloud/Productos/UppaMed/crm-frontend/node_modules/@ampproject/.remapping-OAyLDsl4',
364 silly reify   '/Users/josuegarrido/Documents/UppaCloud/Productos/UppaMed/crm-frontend/node_modules/@isaacs/fs-minipass': '/Users/josuegarrido/Documents/UppaCloud/Productos/UppaMed/crm-frontend/node_modules/@isaacs/.fs-minipass-eIm16KKh',
364 silly reify   '/Users/josuegarrido/Documents/UppaCloud/Productos/UppaMed/crm-frontend/node_modules/@tailwindcss/node': '/Users/josuegarrido/Documents/UppaCloud/Productos/UppaMed/crm-frontend/node_modules/@tailwindcss/.node-R2WklT2G',
364 silly reify   '/Users/josuegarrido/Documents/UppaCloud/Productos/UppaMed/crm-frontend/node_modules/@tailwindcss/oxide': '/Users/josuegarrido/Documents/UppaCloud/Productos/UppaMed/crm-frontend/node_modules/@tailwindcss/.oxide-oS36fENb',
364 silly reify   '/Users/josuegarrido/Documents/UppaCloud/Productos/UppaMed/crm-frontend/node_modules/@tailwindcss/oxide-darwin-x64': '/Users/josuegarrido/Documents/UppaCloud/Productos/UppaMed/crm-frontend/node_modules/@tailwindcss/.oxide-darwin-x64-wGFdJ8CF',
364 silly reify   '/Users/josuegarrido/Documents/UppaCloud/Productos/UppaMed/crm-frontend/node_modules/@tailwindcss/postcss': '/Users/josuegarrido/Documents/UppaCloud/Productos/UppaMed/crm-frontend/node_modules/@tailwindcss/.postcss-a2sIiHa4',
364 silly reify   '/Users/josuegarrido/Documents/UppaCloud/Productos/UppaMed/crm-frontend/node_modules/chownr': '/Users/josuegarrido/Documents/UppaCloud/Productos/UppaMed/crm-frontend/node_modules/.chownr-YQKBgesS',
364 silly reify   '/Users/josuegarrido/Documents/UppaCloud/Productos/UppaMed/crm-frontend/node_modules/enhanced-resolve': '/Users/josuegarrido/Documents/UppaCloud/Productos/UppaMed/crm-frontend/node_modules/.enhanced-resolve-6sqn6cxC',
364 silly reify   '/Users/josuegarrido/Documents/UppaCloud/Productos/UppaMed/crm-frontend/node_modules/graceful-fs': '/Users/josuegarrido/Documents/UppaCloud/Productos/UppaMed/crm-frontend/node_modules/.graceful-fs-dPFOrvYo',
364 silly reify   '/Users/josuegarrido/Documents/UppaCloud/Productos/UppaMed/crm-frontend/node_modules/jiti': '/Users/josuegarrido/Documents/UppaCloud/Productos/UppaMed/crm-frontend/node_modules/.jiti-4zipXnMm',
364 silly reify   '/Users/josuegarrido/Documents/UppaCloud/Productos/UppaMed/crm-frontend/node_modules/.bin/jiti': '/Users/josuegarrido/Documents/UppaCloud/Productos/UppaMed/crm-frontend/node_modules/.bin/.jiti-yUtvWhCd',
364 silly reify   '/Users/josuegarrido/Documents/UppaCloud/Productos/UppaMed/crm-frontend/node_modules/lightningcss': '/Users/josuegarrido/Documents/UppaCloud/Productos/UppaMed/crm-frontend/node_modules/.lightningcss-Pn5ZzEMI',
364 silly reify   '/Users/josuegarrido/Documents/UppaCloud/Productos/UppaMed/crm-frontend/node_modules/lightningcss-darwin-x64': '/Users/josuegarrido/Documents/UppaCloud/Productos/UppaMed/crm-frontend/node_modules/.lightningcss-darwin-x64-NDXhdyTd',
364 silly reify   '/Users/josuegarrido/Documents/UppaCloud/Productos/UppaMed/crm-frontend/node_modules/magic-string': '/Users/josuegarrido/Documents/UppaCloud/Productos/UppaMed/crm-frontend/node_modules/.magic-string-ZT9hGW3u',
364 silly reify   '/Users/josuegarrido/Documents/UppaCloud/Productos/UppaMed/crm-frontend/node_modules/minizlib': '/Users/josuegarrido/Documents/UppaCloud/Productos/UppaMed/crm-frontend/node_modules/.minizlib-kckd55HE',
364 silly reify   '/Users/josuegarrido/Documents/UppaCloud/Productos/UppaMed/crm-frontend/node_modules/mkdirp': '/Users/josuegarrido/Documents/UppaCloud/Productos/UppaMed/crm-frontend/node_modules/.mkdirp-jsDE72oG',
364 silly reify   '/Users/josuegarrido/Documents/UppaCloud/Productos/UppaMed/crm-frontend/node_modules/.bin/mkdirp': '/Users/josuegarrido/Documents/UppaCloud/Productos/UppaMed/crm-frontend/node_modules/.bin/.mkdirp-XOztqY15',
364 silly reify   '/Users/josuegarrido/Documents/UppaCloud/Productos/UppaMed/crm-frontend/node_modules/tailwindcss': '/Users/josuegarrido/Documents/UppaCloud/Productos/UppaMed/crm-frontend/node_modules/.tailwindcss-WMKAn2m0',
364 silly reify   '/Users/josuegarrido/Documents/UppaCloud/Productos/UppaMed/crm-frontend/node_modules/tapable': '/Users/josuegarrido/Documents/UppaCloud/Productos/UppaMed/crm-frontend/node_modules/.tapable-mJNXsFDo',
364 silly reify   '/Users/josuegarrido/Documents/UppaCloud/Productos/UppaMed/crm-frontend/node_modules/tar': '/Users/josuegarrido/Documents/UppaCloud/Productos/UppaMed/crm-frontend/node_modules/.tar-xyVS5u2W',
364 silly reify   '/Users/josuegarrido/Documents/UppaCloud/Productos/UppaMed/crm-frontend/node_modules/tw-animate-css': '/Users/josuegarrido/Documents/UppaCloud/Productos/UppaMed/crm-frontend/node_modules/.tw-animate-css-tYfTTedy',
364 silly reify   '/Users/josuegarrido/Documents/UppaCloud/Productos/UppaMed/crm-frontend/node_modules/yallist': '/Users/josuegarrido/Documents/UppaCloud/Productos/UppaMed/crm-frontend/node_modules/.yallist-9qAKhHuF'
364 silly reify }
365 http cache thenify@https://registry.npmjs.org/thenify/-/thenify-3.3.1.tgz 0ms (cache hit)
366 http cache lru-cache@https://registry.npmjs.org/lru-cache/-/lru-cache-10.4.3.tgz 0ms (cache hit)
367 http cache is-fullwidth-code-point@https://registry.npmjs.org/is-fullwidth-code-point/-/is-fullwidth-code-point-3.0.0.tgz 0ms (cache hit)
368 http cache eastasianwidth@https://registry.npmjs.org/eastasianwidth/-/eastasianwidth-0.2.0.tgz 0ms (cache hit)
369 http cache ansi-regex@https://registry.npmjs.org/ansi-regex/-/ansi-regex-6.1.0.tgz 0ms (cache hit)
370 http cache thenify-all@https://registry.npmjs.org/thenify-all/-/thenify-all-1.6.0.tgz 0ms (cache hit)
371 http cache wrap-ansi-cjs@https://registry.npmjs.org/wrap-ansi/-/wrap-ansi-7.0.0.tgz 0ms (cache hit)
372 http cache any-promise@https://registry.npmjs.org/any-promise/-/any-promise-1.3.0.tgz 0ms (cache hit)
373 http cache wrap-ansi@https://registry.npmjs.org/wrap-ansi/-/wrap-ansi-8.1.0.tgz 0ms (cache hit)
374 http cache strip-ansi-cjs@https://registry.npmjs.org/strip-ansi/-/strip-ansi-6.0.1.tgz 0ms (cache hit)
375 http cache strip-ansi@https://registry.npmjs.org/strip-ansi/-/strip-ansi-7.1.0.tgz 0ms (cache hit)
376 http cache string-width-cjs@https://registry.npmjs.org/string-width/-/string-width-4.2.3.tgz 0ms (cache hit)
377 http cache @pkgjs/parseargs@https://registry.npmjs.org/@pkgjs/parseargs/-/parseargs-0.11.0.tgz 0ms (cache hit)
378 http cache string-width@https://registry.npmjs.org/string-width/-/string-width-5.1.2.tgz 0ms (cache hit)
379 http cache @isaacs/cliui@https://registry.npmjs.org/@isaacs/cliui/-/cliui-8.0.2.tgz 0ms (cache hit)
380 http cache path-scurry@https://registry.npmjs.org/path-scurry/-/path-scurry-1.11.1.tgz 0ms (cache hit)
381 http cache jackspeak@https://registry.npmjs.org/jackspeak/-/jackspeak-3.4.3.tgz 0ms (cache hit)
382 http cache package-json-from-dist@https://registry.npmjs.org/package-json-from-dist/-/package-json-from-dist-1.0.1.tgz 0ms (cache hit)
383 http cache foreground-child@https://registry.npmjs.org/foreground-child/-/foreground-child-3.3.1.tgz 0ms (cache hit)
384 http cache ts-interface-checker@https://registry.npmjs.org/ts-interface-checker/-/ts-interface-checker-0.1.13.tgz 0ms (cache hit)
385 http cache pirates@https://registry.npmjs.org/pirates/-/pirates-4.0.7.tgz 0ms (cache hit)
386 http cache mz@https://registry.npmjs.org/mz/-/mz-2.7.0.tgz 0ms (cache hit)
387 http cache glob@https://registry.npmjs.org/glob/-/glob-10.4.5.tgz 0ms (cache hit)
388 http cache commander@https://registry.npmjs.org/commander/-/commander-4.1.1.tgz 0ms (cache hit)
389 http cache lines-and-columns@https://registry.npmjs.org/lines-and-columns/-/lines-and-columns-1.2.4.tgz 0ms (cache hit)
390 http cache pify@https://registry.npmjs.org/pify/-/pify-2.3.0.tgz 0ms (cache hit)
391 http cache signal-exit@https://registry.npmjs.org/signal-exit/-/signal-exit-4.1.0.tgz 0ms (cache hit)
392 http cache cssesc@https://registry.npmjs.org/cssesc/-/cssesc-3.0.0.tgz 0ms (cache hit)
393 http cache yaml@https://registry.npmjs.org/yaml/-/yaml-2.8.0.tgz 0ms (cache hit)
394 http cache camelcase-css@https://registry.npmjs.org/camelcase-css/-/camelcase-css-2.0.1.tgz 0ms (cache hit)
395 http cache read-cache@https://registry.npmjs.org/read-cache/-/read-cache-1.0.0.tgz 0ms (cache hit)
396 http cache util-deprecate@https://registry.npmjs.org/util-deprecate/-/util-deprecate-1.0.2.tgz 0ms (cache hit)
397 http cache binary-extensions@https://registry.npmjs.org/binary-extensions/-/binary-extensions-2.3.0.tgz 0ms (cache hit)
398 http cache readdirp@https://registry.npmjs.org/readdirp/-/readdirp-3.6.0.tgz 0ms (cache hit)
399 http cache is-binary-path@https://registry.npmjs.org/is-binary-path/-/is-binary-path-2.1.0.tgz 0ms (cache hit)
400 http cache anymatch@https://registry.npmjs.org/anymatch/-/anymatch-3.1.3.tgz 0ms (cache hit)
401 http cache sucrase@https://registry.npmjs.org/sucrase/-/sucrase-3.35.0.tgz 0ms (cache hit)
402 http cache fsevents@https://registry.npmjs.org/fsevents/-/fsevents-2.3.3.tgz 0ms (cache hit)
403 http cache postcss-nested@https://registry.npmjs.org/postcss-nested/-/postcss-nested-6.2.0.tgz 0ms (cache hit)
404 http cache postcss-selector-parser@https://registry.npmjs.org/postcss-selector-parser/-/postcss-selector-parser-6.1.2.tgz 0ms (cache hit)
405 http cache postcss-load-config@https://registry.npmjs.org/postcss-load-config/-/postcss-load-config-4.0.2.tgz 0ms (cache hit)
406 http cache object-hash@https://registry.npmjs.org/object-hash/-/object-hash-3.0.0.tgz 0ms (cache hit)
407 http cache postcss-import@https://registry.npmjs.org/postcss-import/-/postcss-import-15.1.0.tgz 0ms (cache hit)
408 http cache postcss-js@https://registry.npmjs.org/postcss-js/-/postcss-js-4.0.1.tgz 0ms (cache hit)
409 http cache lilconfig@https://registry.npmjs.org/lilconfig/-/lilconfig-3.1.3.tgz 0ms (cache hit)
410 http cache normalize-path@https://registry.npmjs.org/normalize-path/-/normalize-path-3.0.0.tgz 0ms (cache hit)
411 http cache dlv@https://registry.npmjs.org/dlv/-/dlv-1.1.3.tgz 0ms (cache hit)
412 http cache chokidar@https://registry.npmjs.org/chokidar/-/chokidar-3.6.0.tgz 0ms (cache hit)
413 http cache arg@https://registry.npmjs.org/arg/-/arg-5.0.2.tgz 0ms (cache hit)
414 http cache didyoumean@https://registry.npmjs.org/didyoumean/-/didyoumean-1.2.2.tgz 0ms (cache hit)
415 http cache tailwindcss@https://registry.npmjs.org/tailwindcss/-/tailwindcss-3.4.17.tgz 0ms (cache hit)
416 http cache emoji-regex@https://registry.npmjs.org/emoji-regex/-/emoji-regex-8.0.0.tgz 0ms (cache hit)
417 http cache ansi-regex@https://registry.npmjs.org/ansi-regex/-/ansi-regex-5.0.1.tgz 0ms (cache hit)
418 http cache string-width@https://registry.npmjs.org/string-width/-/string-width-4.2.3.tgz 0ms (cache hit)
419 http cache strip-ansi@https://registry.npmjs.org/strip-ansi/-/strip-ansi-6.0.1.tgz 0ms (cache hit)
420 http cache ansi-styles@https://registry.npmjs.org/ansi-styles/-/ansi-styles-6.2.1.tgz 1ms (cache hit)
421 http cache strip-ansi@https://registry.npmjs.org/strip-ansi/-/strip-ansi-6.0.1.tgz 0ms (cache hit)
422 http cache ansi-regex@https://registry.npmjs.org/ansi-regex/-/ansi-regex-5.0.1.tgz 0ms (cache hit)
423 http cache ansi-regex@https://registry.npmjs.org/ansi-regex/-/ansi-regex-5.0.1.tgz 0ms (cache hit)
424 http cache emoji-regex@https://registry.npmjs.org/emoji-regex/-/emoji-regex-8.0.0.tgz 0ms (cache hit)
425 http cache brace-expansion@https://registry.npmjs.org/brace-expansion/-/brace-expansion-2.0.2.tgz 0ms (cache hit)
426 http cache minimatch@https://registry.npmjs.org/minimatch/-/minimatch-9.0.5.tgz 0ms (cache hit)
427 http cache glob-parent@https://registry.npmjs.org/glob-parent/-/glob-parent-5.1.2.tgz 0ms (cache hit)
428 http cache jiti@https://registry.npmjs.org/jiti/-/jiti-1.21.7.tgz 0ms (cache hit)
429 http cache fast-glob@https://registry.npmjs.org/fast-glob/-/fast-glob-3.3.3.tgz 0ms (cache hit)
430 http cache glob-parent@https://registry.npmjs.org/glob-parent/-/glob-parent-5.1.2.tgz 0ms (cache hit)
431 silly tarball no local data for thenify@https://registry.npmjs.org/thenify/-/thenify-3.3.1.tgz. Extracting by manifest.
432 silly tarball no local data for lru-cache@https://registry.npmjs.org/lru-cache/-/lru-cache-10.4.3.tgz. Extracting by manifest.
433 silly tarball no local data for is-fullwidth-code-point@https://registry.npmjs.org/is-fullwidth-code-point/-/is-fullwidth-code-point-3.0.0.tgz. Extracting by manifest.
434 silly tarball no local data for eastasianwidth@https://registry.npmjs.org/eastasianwidth/-/eastasianwidth-0.2.0.tgz. Extracting by manifest.
435 silly tarball no local data for ansi-regex@https://registry.npmjs.org/ansi-regex/-/ansi-regex-6.1.0.tgz. Extracting by manifest.
436 silly tarball no local data for thenify-all@https://registry.npmjs.org/thenify-all/-/thenify-all-1.6.0.tgz. Extracting by manifest.
437 silly tarball no local data for wrap-ansi-cjs@https://registry.npmjs.org/wrap-ansi/-/wrap-ansi-7.0.0.tgz. Extracting by manifest.
438 silly tarball no local data for any-promise@https://registry.npmjs.org/any-promise/-/any-promise-1.3.0.tgz. Extracting by manifest.
439 silly tarball no local data for wrap-ansi@https://registry.npmjs.org/wrap-ansi/-/wrap-ansi-8.1.0.tgz. Extracting by manifest.
440 silly tarball no local data for strip-ansi-cjs@https://registry.npmjs.org/strip-ansi/-/strip-ansi-6.0.1.tgz. Extracting by manifest.
441 silly tarball no local data for strip-ansi@https://registry.npmjs.org/strip-ansi/-/strip-ansi-7.1.0.tgz. Extracting by manifest.
442 silly tarball no local data for string-width-cjs@https://registry.npmjs.org/string-width/-/string-width-4.2.3.tgz. Extracting by manifest.
443 silly tarball no local data for @pkgjs/parseargs@https://registry.npmjs.org/@pkgjs/parseargs/-/parseargs-0.11.0.tgz. Extracting by manifest.
444 silly tarball no local data for string-width@https://registry.npmjs.org/string-width/-/string-width-5.1.2.tgz. Extracting by manifest.
445 silly tarball no local data for @isaacs/cliui@https://registry.npmjs.org/@isaacs/cliui/-/cliui-8.0.2.tgz. Extracting by manifest.
446 silly tarball no local data for path-scurry@https://registry.npmjs.org/path-scurry/-/path-scurry-1.11.1.tgz. Extracting by manifest.
447 silly tarball no local data for jackspeak@https://registry.npmjs.org/jackspeak/-/jackspeak-3.4.3.tgz. Extracting by manifest.
448 silly tarball no local data for package-json-from-dist@https://registry.npmjs.org/package-json-from-dist/-/package-json-from-dist-1.0.1.tgz. Extracting by manifest.
449 silly tarball no local data for foreground-child@https://registry.npmjs.org/foreground-child/-/foreground-child-3.3.1.tgz. Extracting by manifest.
450 silly tarball no local data for ts-interface-checker@https://registry.npmjs.org/ts-interface-checker/-/ts-interface-checker-0.1.13.tgz. Extracting by manifest.
451 silly tarball no local data for pirates@https://registry.npmjs.org/pirates/-/pirates-4.0.7.tgz. Extracting by manifest.
452 silly tarball no local data for mz@https://registry.npmjs.org/mz/-/mz-2.7.0.tgz. Extracting by manifest.
453 silly tarball no local data for glob@https://registry.npmjs.org/glob/-/glob-10.4.5.tgz. Extracting by manifest.
454 silly tarball no local data for commander@https://registry.npmjs.org/commander/-/commander-4.1.1.tgz. Extracting by manifest.
455 silly tarball no local data for lines-and-columns@https://registry.npmjs.org/lines-and-columns/-/lines-and-columns-1.2.4.tgz. Extracting by manifest.
456 silly tarball no local data for pify@https://registry.npmjs.org/pify/-/pify-2.3.0.tgz. Extracting by manifest.
457 silly tarball no local data for signal-exit@https://registry.npmjs.org/signal-exit/-/signal-exit-4.1.0.tgz. Extracting by manifest.
458 silly tarball no local data for cssesc@https://registry.npmjs.org/cssesc/-/cssesc-3.0.0.tgz. Extracting by manifest.
459 silly tarball no local data for yaml@https://registry.npmjs.org/yaml/-/yaml-2.8.0.tgz. Extracting by manifest.
460 silly tarball no local data for camelcase-css@https://registry.npmjs.org/camelcase-css/-/camelcase-css-2.0.1.tgz. Extracting by manifest.
461 silly tarball no local data for read-cache@https://registry.npmjs.org/read-cache/-/read-cache-1.0.0.tgz. Extracting by manifest.
462 silly tarball no local data for util-deprecate@https://registry.npmjs.org/util-deprecate/-/util-deprecate-1.0.2.tgz. Extracting by manifest.
463 silly tarball no local data for binary-extensions@https://registry.npmjs.org/binary-extensions/-/binary-extensions-2.3.0.tgz. Extracting by manifest.
464 silly tarball no local data for readdirp@https://registry.npmjs.org/readdirp/-/readdirp-3.6.0.tgz. Extracting by manifest.
465 silly tarball no local data for is-binary-path@https://registry.npmjs.org/is-binary-path/-/is-binary-path-2.1.0.tgz. Extracting by manifest.
466 silly tarball no local data for anymatch@https://registry.npmjs.org/anymatch/-/anymatch-3.1.3.tgz. Extracting by manifest.
467 silly tarball no local data for sucrase@https://registry.npmjs.org/sucrase/-/sucrase-3.35.0.tgz. Extracting by manifest.
468 silly tarball no local data for fsevents@https://registry.npmjs.org/fsevents/-/fsevents-2.3.3.tgz. Extracting by manifest.
469 silly tarball no local data for postcss-nested@https://registry.npmjs.org/postcss-nested/-/postcss-nested-6.2.0.tgz. Extracting by manifest.
470 silly tarball no local data for postcss-selector-parser@https://registry.npmjs.org/postcss-selector-parser/-/postcss-selector-parser-6.1.2.tgz. Extracting by manifest.
471 silly tarball no local data for postcss-load-config@https://registry.npmjs.org/postcss-load-config/-/postcss-load-config-4.0.2.tgz. Extracting by manifest.
472 silly tarball no local data for object-hash@https://registry.npmjs.org/object-hash/-/object-hash-3.0.0.tgz. Extracting by manifest.
473 silly tarball no local data for postcss-import@https://registry.npmjs.org/postcss-import/-/postcss-import-15.1.0.tgz. Extracting by manifest.
474 silly tarball no local data for postcss-js@https://registry.npmjs.org/postcss-js/-/postcss-js-4.0.1.tgz. Extracting by manifest.
475 silly tarball no local data for lilconfig@https://registry.npmjs.org/lilconfig/-/lilconfig-3.1.3.tgz. Extracting by manifest.
476 silly tarball no local data for normalize-path@https://registry.npmjs.org/normalize-path/-/normalize-path-3.0.0.tgz. Extracting by manifest.
477 silly tarball no local data for dlv@https://registry.npmjs.org/dlv/-/dlv-1.1.3.tgz. Extracting by manifest.
478 silly tarball no local data for chokidar@https://registry.npmjs.org/chokidar/-/chokidar-3.6.0.tgz. Extracting by manifest.
479 silly tarball no local data for arg@https://registry.npmjs.org/arg/-/arg-5.0.2.tgz. Extracting by manifest.
480 silly tarball no local data for tailwindcss@https://registry.npmjs.org/tailwindcss/-/tailwindcss-3.4.17.tgz. Extracting by manifest.
481 silly tarball no local data for didyoumean@https://registry.npmjs.org/didyoumean/-/didyoumean-1.2.2.tgz. Extracting by manifest.
482 silly tarball no local data for emoji-regex@https://registry.npmjs.org/emoji-regex/-/emoji-regex-8.0.0.tgz. Extracting by manifest.
483 silly tarball no local data for ansi-regex@https://registry.npmjs.org/ansi-regex/-/ansi-regex-5.0.1.tgz. Extracting by manifest.
484 silly tarball no local data for string-width@https://registry.npmjs.org/string-width/-/string-width-4.2.3.tgz. Extracting by manifest.
485 silly tarball no local data for strip-ansi@https://registry.npmjs.org/strip-ansi/-/strip-ansi-6.0.1.tgz. Extracting by manifest.
486 silly tarball no local data for ansi-styles@https://registry.npmjs.org/ansi-styles/-/ansi-styles-6.2.1.tgz. Extracting by manifest.
487 silly tarball no local data for strip-ansi@https://registry.npmjs.org/strip-ansi/-/strip-ansi-6.0.1.tgz. Extracting by manifest.
488 silly tarball no local data for ansi-regex@https://registry.npmjs.org/ansi-regex/-/ansi-regex-5.0.1.tgz. Extracting by manifest.
489 silly tarball no local data for ansi-regex@https://registry.npmjs.org/ansi-regex/-/ansi-regex-5.0.1.tgz. Extracting by manifest.
490 silly tarball no local data for emoji-regex@https://registry.npmjs.org/emoji-regex/-/emoji-regex-8.0.0.tgz. Extracting by manifest.
491 silly tarball no local data for brace-expansion@https://registry.npmjs.org/brace-expansion/-/brace-expansion-2.0.2.tgz. Extracting by manifest.
492 silly tarball no local data for minimatch@https://registry.npmjs.org/minimatch/-/minimatch-9.0.5.tgz. Extracting by manifest.
493 silly tarball no local data for glob-parent@https://registry.npmjs.org/glob-parent/-/glob-parent-5.1.2.tgz. Extracting by manifest.
494 silly tarball no local data for jiti@https://registry.npmjs.org/jiti/-/jiti-1.21.7.tgz. Extracting by manifest.
495 silly tarball no local data for fast-glob@https://registry.npmjs.org/fast-glob/-/fast-glob-3.3.3.tgz. Extracting by manifest.
496 silly tarball no local data for glob-parent@https://registry.npmjs.org/glob-parent/-/glob-parent-5.1.2.tgz. Extracting by manifest.
497 http fetch GET 200 https://registry.npmjs.org/thenify/-/thenify-3.3.1.tgz 220ms (cache miss)
498 http fetch GET 200 https://registry.npmjs.org/eastasianwidth/-/eastasianwidth-0.2.0.tgz 218ms (cache miss)
499 http fetch GET 200 https://registry.npmjs.org/thenify-all/-/thenify-all-1.6.0.tgz 218ms (cache miss)
500 http fetch GET 200 https://registry.npmjs.org/is-fullwidth-code-point/-/is-fullwidth-code-point-3.0.0.tgz 220ms (cache miss)
501 http fetch GET 200 https://registry.npmjs.org/ansi-regex/-/ansi-regex-6.1.0.tgz 219ms (cache miss)
502 http fetch GET 200 https://registry.npmjs.org/wrap-ansi/-/wrap-ansi-7.0.0.tgz 219ms (cache miss)
503 http fetch GET 200 https://registry.npmjs.org/package-json-from-dist/-/package-json-from-dist-1.0.1.tgz 319ms (cache miss)
504 http fetch GET 200 https://registry.npmjs.org/pirates/-/pirates-4.0.7.tgz 327ms (cache miss)
505 http fetch GET 200 https://registry.npmjs.org/foreground-child/-/foreground-child-3.3.1.tgz 329ms (cache miss)
506 http fetch GET 200 https://registry.npmjs.org/ts-interface-checker/-/ts-interface-checker-0.1.13.tgz 330ms (cache miss)
507 http fetch GET 200 https://registry.npmjs.org/mz/-/mz-2.7.0.tgz 337ms (cache miss)
508 http fetch GET 200 https://registry.npmjs.org/lines-and-columns/-/lines-and-columns-1.2.4.tgz 506ms (cache miss)
509 http fetch GET 200 https://registry.npmjs.org/commander/-/commander-4.1.1.tgz 527ms (cache miss)
510 http fetch GET 200 https://registry.npmjs.org/pify/-/pify-2.3.0.tgz 527ms (cache miss)
511 http fetch GET 200 https://registry.npmjs.org/strip-ansi/-/strip-ansi-6.0.1.tgz 547ms (cache miss)
512 http fetch GET 200 https://registry.npmjs.org/string-width/-/string-width-4.2.3.tgz 562ms (cache miss)
513 http fetch GET 200 https://registry.npmjs.org/wrap-ansi/-/wrap-ansi-8.1.0.tgz 599ms (cache miss)
514 http fetch GET 200 https://registry.npmjs.org/signal-exit/-/signal-exit-4.1.0.tgz 588ms (cache miss)
515 http fetch GET 200 https://registry.npmjs.org/strip-ansi/-/strip-ansi-7.1.0.tgz 600ms (cache miss)
516 http fetch GET 200 https://registry.npmjs.org/cssesc/-/cssesc-3.0.0.tgz 600ms (cache miss)
517 http fetch GET 200 https://registry.npmjs.org/jackspeak/-/jackspeak-3.4.3.tgz 623ms (cache miss)
518 http fetch GET 200 https://registry.npmjs.org/binary-extensions/-/binary-extensions-2.3.0.tgz 615ms (cache miss)
519 http fetch GET 200 https://registry.npmjs.org/camelcase-css/-/camelcase-css-2.0.1.tgz 617ms (cache miss)
520 http fetch GET 200 https://registry.npmjs.org/util-deprecate/-/util-deprecate-1.0.2.tgz 626ms (cache miss)
521 http fetch GET 200 https://registry.npmjs.org/path-scurry/-/path-scurry-1.11.1.tgz 645ms (cache miss)
522 http fetch GET 200 https://registry.npmjs.org/@isaacs/cliui/-/cliui-8.0.2.tgz 647ms (cache miss)
523 http fetch GET 200 https://registry.npmjs.org/string-width/-/string-width-5.1.2.tgz 652ms (cache miss)
524 http fetch GET 200 https://registry.npmjs.org/read-cache/-/read-cache-1.0.0.tgz 643ms (cache miss)
525 http fetch GET 200 https://registry.npmjs.org/lru-cache/-/lru-cache-10.4.3.tgz 701ms (cache miss)
526 http fetch GET 200 https://registry.npmjs.org/is-binary-path/-/is-binary-path-2.1.0.tgz 685ms (cache miss)
527 http fetch GET 200 https://registry.npmjs.org/postcss-nested/-/postcss-nested-6.2.0.tgz 722ms (cache miss)
528 http fetch GET 200 https://registry.npmjs.org/anymatch/-/anymatch-3.1.3.tgz 730ms (cache miss)
529 http fetch GET 200 https://registry.npmjs.org/readdirp/-/readdirp-3.6.0.tgz 730ms (cache miss)
530 http fetch GET 200 https://registry.npmjs.org/fsevents/-/fsevents-2.3.3.tgz 735ms (cache miss)
531 http fetch GET 200 https://registry.npmjs.org/postcss-import/-/postcss-import-15.1.0.tgz 745ms (cache miss)
532 http fetch GET 200 https://registry.npmjs.org/normalize-path/-/normalize-path-3.0.0.tgz 744ms (cache miss)
533 http fetch GET 200 https://registry.npmjs.org/postcss-load-config/-/postcss-load-config-4.0.2.tgz 758ms (cache miss)
534 http fetch GET 200 https://registry.npmjs.org/dlv/-/dlv-1.1.3.tgz 756ms (cache miss)
535 http fetch GET 200 https://registry.npmjs.org/lilconfig/-/lilconfig-3.1.3.tgz 762ms (cache miss)
536 http fetch GET 200 https://registry.npmjs.org/didyoumean/-/didyoumean-1.2.2.tgz 762ms (cache miss)
537 http fetch GET 200 https://registry.npmjs.org/strip-ansi/-/strip-ansi-6.0.1.tgz 807ms (cache miss)
538 http fetch GET 200 https://registry.npmjs.org/postcss-js/-/postcss-js-4.0.1.tgz 815ms (cache miss)
539 http fetch GET 200 https://registry.npmjs.org/arg/-/arg-5.0.2.tgz 824ms (cache miss)
540 http fetch GET 200 https://registry.npmjs.org/emoji-regex/-/emoji-regex-8.0.0.tgz 823ms (cache miss)
541 http fetch GET 200 https://registry.npmjs.org/string-width/-/string-width-4.2.3.tgz 826ms (cache miss)
542 http fetch GET 200 https://registry.npmjs.org/strip-ansi/-/strip-ansi-6.0.1.tgz 824ms (cache miss)
543 http fetch GET 200 https://registry.npmjs.org/ansi-regex/-/ansi-regex-5.0.1.tgz 827ms (cache miss)
544 http fetch GET 200 https://registry.npmjs.org/emoji-regex/-/emoji-regex-8.0.0.tgz 825ms (cache miss)
545 http fetch GET 200 https://registry.npmjs.org/ansi-styles/-/ansi-styles-6.2.1.tgz 829ms (cache miss)
546 http fetch GET 200 https://registry.npmjs.org/ansi-regex/-/ansi-regex-5.0.1.tgz 835ms (cache miss)
547 http fetch GET 200 https://registry.npmjs.org/ansi-regex/-/ansi-regex-5.0.1.tgz 834ms (cache miss)
548 http fetch GET 200 https://registry.npmjs.org/glob-parent/-/glob-parent-5.1.2.tgz 843ms (cache miss)
549 http fetch GET 200 https://registry.npmjs.org/any-promise/-/any-promise-1.3.0.tgz 877ms (cache miss)
550 http fetch GET 200 https://registry.npmjs.org/glob-parent/-/glob-parent-5.1.2.tgz 852ms (cache miss)
551 http fetch GET 200 https://registry.npmjs.org/brace-expansion/-/brace-expansion-2.0.2.tgz 858ms (cache miss)
552 http fetch GET 200 https://registry.npmjs.org/object-hash/-/object-hash-3.0.0.tgz 877ms (cache miss)
553 http fetch GET 200 https://registry.npmjs.org/@pkgjs/parseargs/-/parseargs-0.11.0.tgz 913ms (cache miss)
554 http fetch GET 200 https://registry.npmjs.org/chokidar/-/chokidar-3.6.0.tgz 897ms (cache miss)
555 http fetch GET 200 https://registry.npmjs.org/postcss-selector-parser/-/postcss-selector-parser-6.1.2.tgz 976ms (cache miss)
556 http fetch GET 200 https://registry.npmjs.org/glob/-/glob-10.4.5.tgz 985ms (cache miss)
557 http fetch GET 200 https://registry.npmjs.org/fast-glob/-/fast-glob-3.3.3.tgz 981ms (cache miss)
558 http fetch GET 200 https://registry.npmjs.org/minimatch/-/minimatch-9.0.5.tgz 1018ms (cache miss)
559 http fetch GET 200 https://registry.npmjs.org/jiti/-/jiti-1.21.7.tgz 1080ms (cache miss)
560 http fetch GET 200 https://registry.npmjs.org/yaml/-/yaml-2.8.0.tgz 1223ms (cache miss)
561 http fetch GET 200 https://registry.npmjs.org/sucrase/-/sucrase-3.35.0.tgz 1226ms (cache miss)
562 http fetch GET 200 https://registry.npmjs.org/tailwindcss/-/tailwindcss-3.4.17.tgz 1421ms (cache miss)
563 info run fsevents@2.3.3 install node_modules/fsevents node-gyp rebuild
564 info run fsevents@2.3.3 install { code: 1, signal: null }
565 verbose reify failed optional dependency /Users/josuegarrido/Documents/UppaCloud/Productos/UppaMed/crm-frontend/node_modules/fsevents
566 silly reify mark deleted [
566 silly reify   '/Users/josuegarrido/Documents/UppaCloud/Productos/UppaMed/crm-frontend/node_modules/fsevents'
566 silly reify ]
567 silly ADD node_modules/thenify
568 silly ADD node_modules/ansi-regex
569 silly ADD node_modules/is-fullwidth-code-point
570 silly ADD node_modules/eastasianwidth
571 silly ADD node_modules/lru-cache
572 silly ADD node_modules/thenify-all
573 silly ADD node_modules/any-promise
574 silly ADD node_modules/wrap-ansi-cjs
575 silly ADD node_modules/wrap-ansi-cjs/node_modules/ansi-regex
576 silly ADD node_modules/wrap-ansi-cjs/node_modules/emoji-regex
577 silly ADD node_modules/wrap-ansi-cjs/node_modules/strip-ansi
578 silly ADD node_modules/wrap-ansi-cjs/node_modules/string-width
579 silly ADD node_modules/wrap-ansi
580 silly ADD node_modules/wrap-ansi/node_modules/ansi-styles
581 silly ADD node_modules/strip-ansi-cjs
582 silly ADD node_modules/strip-ansi-cjs/node_modules/ansi-regex
583 silly ADD node_modules/strip-ansi
584 silly ADD node_modules/string-width-cjs
585 silly ADD node_modules/string-width-cjs/node_modules/ansi-regex
586 silly ADD node_modules/string-width-cjs/node_modules/strip-ansi
587 silly ADD node_modules/string-width-cjs/node_modules/emoji-regex
588 silly ADD node_modules/string-width
589 silly ADD node_modules/@pkgjs/parseargs
590 silly ADD node_modules/@isaacs/cliui
591 silly ADD node_modules/signal-exit
592 silly ADD node_modules/path-scurry
593 silly ADD node_modules/package-json-from-dist
594 silly ADD node_modules/jackspeak
595 silly ADD node_modules/foreground-child
596 silly ADD node_modules/ts-interface-checker
597 silly ADD node_modules/pirates
598 silly ADD node_modules/mz
599 silly ADD node_modules/lines-and-columns
600 silly ADD node_modules/glob
601 silly ADD node_modules/glob/node_modules/brace-expansion
602 silly ADD node_modules/glob/node_modules/minimatch
603 silly ADD node_modules/commander
604 silly ADD node_modules/pify
605 silly ADD node_modules/util-deprecate
606 silly ADD node_modules/cssesc
607 silly ADD node_modules/yaml
608 silly ADD node_modules/camelcase-css
609 silly ADD node_modules/read-cache
610 silly ADD node_modules/binary-extensions
611 silly ADD node_modules/readdirp
612 silly ADD node_modules/is-binary-path
613 silly ADD
614 silly ADD node_modules/anymatch
615 silly ADD node_modules/sucrase
616 silly ADD node_modules/postcss-selector-parser
617 silly ADD node_modules/postcss-nested
618 silly ADD node_modules/postcss-load-config
619 silly ADD node_modules/postcss-js
620 silly ADD node_modules/postcss-import
621 silly ADD node_modules/object-hash
622 silly ADD node_modules/normalize-path
623 silly ADD node_modules/lilconfig
624 silly ADD node_modules/dlv
625 silly ADD node_modules/didyoumean
626 silly ADD node_modules/chokidar
627 silly ADD node_modules/chokidar/node_modules/glob-parent
628 silly ADD node_modules/arg
629 silly REMOVE node_modules/yallist
630 silly REMOVE node_modules/tw-animate-css
631 silly REMOVE node_modules/tar
632 silly REMOVE node_modules/tapable
633 silly CHANGE node_modules/tailwindcss
634 silly ADD node_modules/tailwindcss/node_modules/jiti
635 silly ADD node_modules/tailwindcss/node_modules/fast-glob
636 silly ADD node_modules/tailwindcss/node_modules/fast-glob/node_modules/glob-parent
637 silly REMOVE node_modules/mkdirp
638 silly REMOVE node_modules/minizlib
639 silly REMOVE node_modules/magic-string
640 silly REMOVE node_modules/lightningcss-darwin-x64
641 silly REMOVE node_modules/lightningcss
642 silly REMOVE node_modules/jiti
643 silly REMOVE node_modules/graceful-fs
644 silly REMOVE node_modules/enhanced-resolve
645 silly REMOVE node_modules/chownr
646 silly REMOVE node_modules/@tailwindcss/postcss
647 silly REMOVE node_modules/@tailwindcss/oxide-darwin-x64
648 silly REMOVE node_modules/@tailwindcss/oxide
649 silly REMOVE node_modules/@tailwindcss/node
650 silly REMOVE node_modules/@isaacs/fs-minipass
651 silly REMOVE node_modules/@ampproject/remapping
652 verbose cwd /Users/josuegarrido/Documents/UppaCloud/Productos/UppaMed/crm-frontend
653 verbose os Darwin 24.4.0
654 verbose node v23.6.1
655 verbose npm  v10.9.2
656 verbose exit 0
657 info ok
